> 2018-08-20 18:20:21.930191: -> looking for updates
> 2018-08-20 18:20:21.930775: -> bucket ./files/MODIS-Aqua/Mapped/Monthly/4km/chlor_a created ...
> 2018-08-20 18:20:21.930906: -> bucket ./files/MODIS-Aqua/Mapped/Monthly/4km/sst created ...
> 2018-08-20 18:20:26.513235: -> downloading A20021822002212.L3m_MO_CHL_chlor_a_4km.nc
> 2018-08-20 18:21:19.981538: -> A20021822002212.L3m_MO_CHL_chlor_a_4km.nc downloaded
> 2018-08-20 18:21:19.984613: -> downloading A20022132002243.L3m_MO_CHL_chlor_a_4km.nc
> 2018-08-20 18:22:08.492996: -> A20022132002243.L3m_MO_CHL_chlor_a_4km.nc downloaded
> 2018-08-20 18:22:08.496534: -> downloading A20022442002273.L3m_MO_CHL_chlor_a_4km.nc
> 2018-08-20 18:22:48.934705: -> looking for updates
> 2018-08-20 18:22:50.375300: -> downloading A20021822002212.L3m_MO_CHL_chlor_a_4km.nc
> 2018-08-20 18:22:50.379835: -> A20021822002212.L3m_MO_CHL_chlor_a_4km.nc downloaded
> 2018-08-20 18:22:50.380000: -> downloading A20022132002243.L3m_MO_CHL_chlor_a_4km.nc
> 2018-08-20 18:22:50.381831: -> A20022132002243.L3m_MO_CHL_chlor_a_4km.nc downloaded
> 2018-08-20 18:22:50.381938: -> downloading A20022442002273.L3m_MO_CHL_chlor_a_4km.nc
> 2018-08-20 18:22:50.382111: -> A20022442002273.L3m_MO_CHL_chlor_a_4km.nc downloaded
> 2018-08-20 18:22:50.382182: -> downloading A20022742002304.L3m_MO_CHL_chlor_a_4km.nc
> 2018-08-20 18:22:50.382334: -> A20022742002304.L3m_MO_CHL_chlor_a_4km.nc downloaded
> 2018-08-20 18:22:50.382456: -> downloading A20023052002334.L3m_MO_CHL_chlor_a_4km.nc
> 2018-08-20 18:22:50.382634: -> A20023052002334.L3m_MO_CHL_chlor_a_4km.nc downloaded
> 2018-08-20 18:22:50.382709: -> downloading A20023352002365.L3m_MO_CHL_chlor_a_4km.nc
> 2018-08-20 18:22:50.382869: -> A20023352002365.L3m_MO_CHL_chlor_a_4km.nc downloaded
> 2018-08-20 18:22:50.382961: -> downloading A20030012003031.L3m_MO_CHL_chlor_a_4km.nc
> 2018-08-20 18:22:50.383095: -> A20030012003031.L3m_MO_CHL_chlor_a_4km.nc downloaded
> 2018-08-20 18:22:50.383167: -> downloading A20030322003059.L3m_MO_CHL_chlor_a_4km.nc
> 2018-08-20 18:22:50.383330: -> A20030322003059.L3m_MO_CHL_chlor_a_4km.nc downloaded
> 2018-08-20 18:22:50.383414: -> downloading A20030602003090.L3m_MO_CHL_chlor_a_4km.nc
> 2018-08-20 18:22:50.383604: -> A20030602003090.L3m_MO_CHL_chlor_a_4km.nc downloaded
> 2018-08-20 18:22:50.383691: -> downloading A20030912003120.L3m_MO_CHL_chlor_a_4km.nc
> 2018-08-20 18:22:50.383839: -> A20030912003120.L3m_MO_CHL_chlor_a_4km.nc downloaded
> 2018-08-20 18:22:50.383918: -> downloading A20031212003151.L3m_MO_CHL_chlor_a_4km.nc
> 2018-08-20 18:22:50.384050: -> A20031212003151.L3m_MO_CHL_chlor_a_4km.nc downloaded
> 2018-08-20 18:22:50.384124: -> downloading A20031522003181.L3m_MO_CHL_chlor_a_4km.nc
> 2018-08-20 18:22:50.384268: -> A20031522003181.L3m_MO_CHL_chlor_a_4km.nc downloaded
> 2018-08-20 18:22:50.384338: -> downloading A20031822003212.L3m_MO_CHL_chlor_a_4km.nc
> 2018-08-20 18:22:50.384480: -> A20031822003212.L3m_MO_CHL_chlor_a_4km.nc downloaded
> 2018-08-20 18:22:50.384547: -> downloading A20032132003243.L3m_MO_CHL_chlor_a_4km.nc
> 2018-08-20 18:22:50.384688: -> A20032132003243.L3m_MO_CHL_chlor_a_4km.nc downloaded
> 2018-08-20 18:22:50.384755: -> downloading A20032442003273.L3m_MO_CHL_chlor_a_4km.nc
> 2018-08-20 18:22:50.384901: -> A20032442003273.L3m_MO_CHL_chlor_a_4km.nc downloaded
> 2018-08-20 18:22:50.384989: -> downloading A20032742003304.L3m_MO_CHL_chlor_a_4km.nc
> 2018-08-20 18:22:50.385153: -> A20032742003304.L3m_MO_CHL_chlor_a_4km.nc downloaded
> 2018-08-20 18:22:50.385224: -> downloading A20033052003334.L3m_MO_CHL_chlor_a_4km.nc
> 2018-08-20 18:22:50.385403: -> A20033052003334.L3m_MO_CHL_chlor_a_4km.nc downloaded
> 2018-08-20 18:22:50.385492: -> downloading A20033352003365.L3m_MO_CHL_chlor_a_4km.nc
> 2018-08-20 18:22:50.385674: -> A20033352003365.L3m_MO_CHL_chlor_a_4km.nc downloaded
> 2018-08-20 18:22:50.385771: -> downloading A20040012004031.L3m_MO_CHL_chlor_a_4km.nc
> 2018-08-20 18:22:50.385910: -> A20040012004031.L3m_MO_CHL_chlor_a_4km.nc downloaded
> 2018-08-20 18:22:50.385978: -> downloading A20040322004060.L3m_MO_CHL_chlor_a_4km.nc
> 2018-08-20 18:22:50.386166: -> A20040322004060.L3m_MO_CHL_chlor_a_4km.nc downloaded
> 2018-08-20 18:22:50.386234: -> downloading A20040612004091.L3m_MO_CHL_chlor_a_4km.nc
> 2018-08-20 18:22:50.386368: -> A20040612004091.L3m_MO_CHL_chlor_a_4km.nc downloaded
> 2018-08-20 18:22:50.386442: -> downloading A20040922004121.L3m_MO_CHL_chlor_a_4km.nc
> 2018-08-20 18:22:50.386578: -> A20040922004121.L3m_MO_CHL_chlor_a_4km.nc downloaded
> 2018-08-20 18:22:50.386659: -> downloading A20041222004152.L3m_MO_CHL_chlor_a_4km.nc
> 2018-08-20 18:22:50.386832: -> A20041222004152.L3m_MO_CHL_chlor_a_4km.nc downloaded
> 2018-08-20 18:22:50.386903: -> downloading A20041532004182.L3m_MO_CHL_chlor_a_4km.nc
> 2018-08-20 18:22:50.387035: -> A20041532004182.L3m_MO_CHL_chlor_a_4km.nc downloaded
> 2018-08-20 18:22:50.387099: -> downloading A20041832004213.L3m_MO_CHL_chlor_a_4km.nc
> 2018-08-20 18:22:50.387245: -> A20041832004213.L3m_MO_CHL_chlor_a_4km.nc downloaded
> 2018-08-20 18:22:50.387316: -> downloading A20042142004244.L3m_MO_CHL_chlor_a_4km.nc
> 2018-08-20 18:22:50.387450: -> A20042142004244.L3m_MO_CHL_chlor_a_4km.nc downloaded
> 2018-08-20 18:22:50.387518: -> downloading A20042452004274.L3m_MO_CHL_chlor_a_4km.nc
> 2018-08-20 18:22:50.387648: -> A20042452004274.L3m_MO_CHL_chlor_a_4km.nc downloaded
> 2018-08-20 18:22:50.387720: -> downloading A20042752004305.L3m_MO_CHL_chlor_a_4km.nc
> 2018-08-20 18:22:50.387855: -> A20042752004305.L3m_MO_CHL_chlor_a_4km.nc downloaded
> 2018-08-20 18:22:50.387922: -> downloading A20043062004335.L3m_MO_CHL_chlor_a_4km.nc
> 2018-08-20 18:22:50.388058: -> A20043062004335.L3m_MO_CHL_chlor_a_4km.nc downloaded
> 2018-08-20 18:22:50.388121: -> downloading A20043362004366.L3m_MO_CHL_chlor_a_4km.nc
> 2018-08-20 18:22:50.388249: -> A20043362004366.L3m_MO_CHL_chlor_a_4km.nc downloaded
> 2018-08-20 18:22:50.388311: -> downloading A20050012005031.L3m_MO_CHL_chlor_a_4km.nc
> 2018-08-20 18:22:50.388437: -> A20050012005031.L3m_MO_CHL_chlor_a_4km.nc downloaded
> 2018-08-20 18:22:50.388499: -> downloading A20050322005059.L3m_MO_CHL_chlor_a_4km.nc
> 2018-08-20 18:22:50.388625: -> A20050322005059.L3m_MO_CHL_chlor_a_4km.nc downloaded
> 2018-08-20 18:22:50.388687: -> downloading A20050602005090.L3m_MO_CHL_chlor_a_4km.nc
> 2018-08-20 18:22:50.388822: -> A20050602005090.L3m_MO_CHL_chlor_a_4km.nc downloaded
> 2018-08-20 18:22:50.388884: -> downloading A20050912005120.L3m_MO_CHL_chlor_a_4km.nc
> 2018-08-20 18:22:50.389015: -> A20050912005120.L3m_MO_CHL_chlor_a_4km.nc downloaded
> 2018-08-20 18:22:50.389115: -> downloading A20051212005151.L3m_MO_CHL_chlor_a_4km.nc
> 2018-08-20 18:22:50.389257: -> A20051212005151.L3m_MO_CHL_chlor_a_4km.nc downloaded
> 2018-08-20 18:22:50.389355: -> downloading A20051522005181.L3m_MO_CHL_chlor_a_4km.nc
> 2018-08-20 18:22:50.389476: -> A20051522005181.L3m_MO_CHL_chlor_a_4km.nc downloaded
> 2018-08-20 18:22:50.389547: -> downloading A20051822005212.L3m_MO_CHL_chlor_a_4km.nc
> 2018-08-20 18:22:50.389669: -> A20051822005212.L3m_MO_CHL_chlor_a_4km.nc downloaded
> 2018-08-20 18:22:50.389737: -> downloading A20052132005243.L3m_MO_CHL_chlor_a_4km.nc
> 2018-08-20 18:22:50.389945: -> A20052132005243.L3m_MO_CHL_chlor_a_4km.nc downloaded
> 2018-08-20 18:22:50.390016: -> downloading A20052442005273.L3m_MO_CHL_chlor_a_4km.nc
> 2018-08-20 18:22:50.390155: -> A20052442005273.L3m_MO_CHL_chlor_a_4km.nc downloaded
> 2018-08-20 18:22:50.390227: -> downloading A20052742005304.L3m_MO_CHL_chlor_a_4km.nc
> 2018-08-20 18:22:50.390376: -> A20052742005304.L3m_MO_CHL_chlor_a_4km.nc downloaded
> 2018-08-20 18:22:50.390442: -> downloading A20053052005334.L3m_MO_CHL_chlor_a_4km.nc
> 2018-08-20 18:22:50.390619: -> A20053052005334.L3m_MO_CHL_chlor_a_4km.nc downloaded
> 2018-08-20 18:22:50.390759: -> downloading A20053352005365.L3m_MO_CHL_chlor_a_4km.nc
> 2018-08-20 18:22:50.390913: -> A20053352005365.L3m_MO_CHL_chlor_a_4km.nc downloaded
> 2018-08-20 18:22:50.390979: -> downloading A20060012006031.L3m_MO_CHL_chlor_a_4km.nc
> 2018-08-20 18:22:50.391101: -> A20060012006031.L3m_MO_CHL_chlor_a_4km.nc downloaded
> 2018-08-20 18:22:50.391166: -> downloading A20060322006059.L3m_MO_CHL_chlor_a_4km.nc
> 2018-08-20 18:22:50.391314: -> A20060322006059.L3m_MO_CHL_chlor_a_4km.nc downloaded
> 2018-08-20 18:22:50.391386: -> downloading A20060602006090.L3m_MO_CHL_chlor_a_4km.nc
> 2018-08-20 18:22:50.391514: -> A20060602006090.L3m_MO_CHL_chlor_a_4km.nc downloaded
> 2018-08-20 18:22:50.391578: -> downloading A20060912006120.L3m_MO_CHL_chlor_a_4km.nc
> 2018-08-20 18:22:50.391703: -> A20060912006120.L3m_MO_CHL_chlor_a_4km.nc downloaded
> 2018-08-20 18:22:50.391774: -> downloading A20061212006151.L3m_MO_CHL_chlor_a_4km.nc
> 2018-08-20 18:22:50.391899: -> A20061212006151.L3m_MO_CHL_chlor_a_4km.nc downloaded
> 2018-08-20 18:22:50.391965: -> downloading A20061522006181.L3m_MO_CHL_chlor_a_4km.nc
> 2018-08-20 18:22:50.392107: -> A20061522006181.L3m_MO_CHL_chlor_a_4km.nc downloaded
> 2018-08-20 18:22:50.392171: -> downloading A20061822006212.L3m_MO_CHL_chlor_a_4km.nc
> 2018-08-20 18:22:50.392296: -> A20061822006212.L3m_MO_CHL_chlor_a_4km.nc downloaded
> 2018-08-20 18:22:50.392358: -> downloading A20062132006243.L3m_MO_CHL_chlor_a_4km.nc
> 2018-08-20 18:22:50.392498: -> A20062132006243.L3m_MO_CHL_chlor_a_4km.nc downloaded
> 2018-08-20 18:22:50.392560: -> downloading A20062442006273.L3m_MO_CHL_chlor_a_4km.nc
> 2018-08-20 18:22:50.392684: -> A20062442006273.L3m_MO_CHL_chlor_a_4km.nc downloaded
> 2018-08-20 18:22:50.392746: -> downloading A20062742006304.L3m_MO_CHL_chlor_a_4km.nc
> 2018-08-20 18:22:50.392882: -> A20062742006304.L3m_MO_CHL_chlor_a_4km.nc downloaded
> 2018-08-20 18:22:50.392943: -> downloading A20063052006334.L3m_MO_CHL_chlor_a_4km.nc
> 2018-08-20 18:22:50.393079: -> A20063052006334.L3m_MO_CHL_chlor_a_4km.nc downloaded
> 2018-08-20 18:22:50.393140: -> downloading A20063352006365.L3m_MO_CHL_chlor_a_4km.nc
> 2018-08-20 18:22:50.393271: -> A20063352006365.L3m_MO_CHL_chlor_a_4km.nc downloaded
> 2018-08-20 18:22:50.393372: -> downloading A20070012007031.L3m_MO_CHL_chlor_a_4km.nc
> 2018-08-20 18:22:50.393521: -> A20070012007031.L3m_MO_CHL_chlor_a_4km.nc downloaded
> 2018-08-20 18:22:50.393591: -> downloading A20070322007059.L3m_MO_CHL_chlor_a_4km.nc
> 2018-08-20 18:22:50.393720: -> A20070322007059.L3m_MO_CHL_chlor_a_4km.nc downloaded
> 2018-08-20 18:22:50.393782: -> downloading A20070602007090.L3m_MO_CHL_chlor_a_4km.nc
> 2018-08-20 18:22:50.393906: -> A20070602007090.L3m_MO_CHL_chlor_a_4km.nc downloaded
> 2018-08-20 18:22:50.393968: -> downloading A20070912007120.L3m_MO_CHL_chlor_a_4km.nc
> 2018-08-20 18:22:50.394092: -> A20070912007120.L3m_MO_CHL_chlor_a_4km.nc downloaded
> 2018-08-20 18:22:50.394153: -> downloading A20071212007151.L3m_MO_CHL_chlor_a_4km.nc
> 2018-08-20 18:22:50.394275: -> A20071212007151.L3m_MO_CHL_chlor_a_4km.nc downloaded
> 2018-08-20 18:22:50.394336: -> downloading A20071522007181.L3m_MO_CHL_chlor_a_4km.nc
> 2018-08-20 18:22:50.394472: -> A20071522007181.L3m_MO_CHL_chlor_a_4km.nc downloaded
> 2018-08-20 18:22:50.394533: -> downloading A20071822007212.L3m_MO_CHL_chlor_a_4km.nc
> 2018-08-20 18:22:50.394697: -> A20071822007212.L3m_MO_CHL_chlor_a_4km.nc downloaded
> 2018-08-20 18:22:50.394781: -> downloading A20072132007243.L3m_MO_CHL_chlor_a_4km.nc
> 2018-08-20 18:22:50.394933: -> A20072132007243.L3m_MO_CHL_chlor_a_4km.nc downloaded
> 2018-08-20 18:22:50.395020: -> downloading A20072442007273.L3m_MO_CHL_chlor_a_4km.nc
> 2018-08-20 18:22:50.395177: -> A20072442007273.L3m_MO_CHL_chlor_a_4km.nc downloaded
> 2018-08-20 18:22:50.395244: -> downloading A20072742007304.L3m_MO_CHL_chlor_a_4km.nc
> 2018-08-20 18:22:50.395388: -> A20072742007304.L3m_MO_CHL_chlor_a_4km.nc downloaded
> 2018-08-20 18:22:50.395501: -> downloading A20073052007334.L3m_MO_CHL_chlor_a_4km.nc
> 2018-08-20 18:22:50.395635: -> A20073052007334.L3m_MO_CHL_chlor_a_4km.nc downloaded
> 2018-08-20 18:22:50.395703: -> downloading A20073352007365.L3m_MO_CHL_chlor_a_4km.nc
> 2018-08-20 18:22:50.395831: -> A20073352007365.L3m_MO_CHL_chlor_a_4km.nc downloaded
> 2018-08-20 18:22:50.395895: -> downloading A20080012008031.L3m_MO_CHL_chlor_a_4km.nc
> 2018-08-20 18:22:50.396034: -> A20080012008031.L3m_MO_CHL_chlor_a_4km.nc downloaded
> 2018-08-20 18:22:50.396120: -> downloading A20080322008060.L3m_MO_CHL_chlor_a_4km.nc
> 2018-08-20 18:22:50.396247: -> A20080322008060.L3m_MO_CHL_chlor_a_4km.nc downloaded
> 2018-08-20 18:22:50.396309: -> downloading A20080612008091.L3m_MO_CHL_chlor_a_4km.nc
> 2018-08-20 18:22:50.396438: -> A20080612008091.L3m_MO_CHL_chlor_a_4km.nc downloaded
> 2018-08-20 18:22:50.396500: -> downloading A20080922008121.L3m_MO_CHL_chlor_a_4km.nc
> 2018-08-20 18:22:50.396625: -> A20080922008121.L3m_MO_CHL_chlor_a_4km.nc downloaded
> 2018-08-20 18:22:50.396687: -> downloading A20081222008152.L3m_MO_CHL_chlor_a_4km.nc
> 2018-08-20 18:22:50.396819: -> A20081222008152.L3m_MO_CHL_chlor_a_4km.nc downloaded
> 2018-08-20 18:22:50.396919: -> downloading A20081532008182.L3m_MO_CHL_chlor_a_4km.nc
> 2018-08-20 18:22:50.397129: -> A20081532008182.L3m_MO_CHL_chlor_a_4km.nc downloaded
> 2018-08-20 18:22:50.397204: -> downloading A20081832008213.L3m_MO_CHL_chlor_a_4km.nc
> 2018-08-20 18:22:50.397342: -> A20081832008213.L3m_MO_CHL_chlor_a_4km.nc downloaded
> 2018-08-20 18:22:50.397409: -> downloading A20082142008244.L3m_MO_CHL_chlor_a_4km.nc
> 2018-08-20 18:22:50.397539: -> A20082142008244.L3m_MO_CHL_chlor_a_4km.nc downloaded
> 2018-08-20 18:22:50.397611: -> downloading A20082452008274.L3m_MO_CHL_chlor_a_4km.nc
> 2018-08-20 18:22:50.397754: -> A20082452008274.L3m_MO_CHL_chlor_a_4km.nc downloaded
> 2018-08-20 18:22:50.397817: -> downloading A20082752008305.L3m_MO_CHL_chlor_a_4km.nc
> 2018-08-20 18:22:50.397943: -> A20082752008305.L3m_MO_CHL_chlor_a_4km.nc downloaded
> 2018-08-20 18:22:50.398030: -> downloading A20083062008335.L3m_MO_CHL_chlor_a_4km.nc
> 2018-08-20 18:22:50.398182: -> A20083062008335.L3m_MO_CHL_chlor_a_4km.nc downloaded
> 2018-08-20 18:22:50.398250: -> downloading A20083362008366.L3m_MO_CHL_chlor_a_4km.nc
> 2018-08-20 18:22:50.398384: -> A20083362008366.L3m_MO_CHL_chlor_a_4km.nc downloaded
> 2018-08-20 18:22:50.398479: -> downloading A20090012009031.L3m_MO_CHL_chlor_a_4km.nc
> 2018-08-20 18:22:50.398603: -> A20090012009031.L3m_MO_CHL_chlor_a_4km.nc downloaded
> 2018-08-20 18:22:50.398664: -> downloading A20090322009059.L3m_MO_CHL_chlor_a_4km.nc
> 2018-08-20 18:22:50.398804: -> A20090322009059.L3m_MO_CHL_chlor_a_4km.nc downloaded
> 2018-08-20 18:22:50.398875: -> downloading A20090602009090.L3m_MO_CHL_chlor_a_4km.nc
> 2018-08-20 18:22:50.398997: -> A20090602009090.L3m_MO_CHL_chlor_a_4km.nc downloaded
> 2018-08-20 18:22:50.399063: -> downloading A20090912009120.L3m_MO_CHL_chlor_a_4km.nc
> 2018-08-20 18:22:50.399195: -> A20090912009120.L3m_MO_CHL_chlor_a_4km.nc downloaded
> 2018-08-20 18:22:50.399266: -> downloading A20091212009151.L3m_MO_CHL_chlor_a_4km.nc
> 2018-08-20 18:22:50.399390: -> A20091212009151.L3m_MO_CHL_chlor_a_4km.nc downloaded
> 2018-08-20 18:22:50.399453: -> downloading A20091522009181.L3m_MO_CHL_chlor_a_4km.nc
> 2018-08-20 18:22:50.399580: -> A20091522009181.L3m_MO_CHL_chlor_a_4km.nc downloaded
> 2018-08-20 18:22:50.399650: -> downloading A20091822009212.L3m_MO_CHL_chlor_a_4km.nc
> 2018-08-20 18:22:50.399778: -> A20091822009212.L3m_MO_CHL_chlor_a_4km.nc downloaded
> 2018-08-20 18:22:50.399844: -> downloading A20092132009243.L3m_MO_CHL_chlor_a_4km.nc
> 2018-08-20 18:22:50.399969: -> A20092132009243.L3m_MO_CHL_chlor_a_4km.nc downloaded
> 2018-08-20 18:22:50.400032: -> downloading A20092442009273.L3m_MO_CHL_chlor_a_4km.nc
> 2018-08-20 18:22:50.400201: -> A20092442009273.L3m_MO_CHL_chlor_a_4km.nc downloaded
> 2018-08-20 18:22:50.400287: -> downloading A20092742009304.L3m_MO_CHL_chlor_a_4km.nc
> 2018-08-20 18:22:50.400443: -> A20092742009304.L3m_MO_CHL_chlor_a_4km.nc downloaded
> 2018-08-20 18:22:50.400505: -> downloading A20093052009334.L3m_MO_CHL_chlor_a_4km.nc
> 2018-08-20 18:22:50.400637: -> A20093052009334.L3m_MO_CHL_chlor_a_4km.nc downloaded
> 2018-08-20 18:22:50.400703: -> downloading A20093352009365.L3m_MO_CHL_chlor_a_4km.nc
> 2018-08-20 18:22:50.400844: -> A20093352009365.L3m_MO_CHL_chlor_a_4km.nc downloaded
> 2018-08-20 18:22:50.400915: -> downloading A20100012010031.L3m_MO_CHL_chlor_a_4km.nc
> 2018-08-20 18:22:50.401062: -> A20100012010031.L3m_MO_CHL_chlor_a_4km.nc downloaded
> 2018-08-20 18:22:50.401124: -> downloading A20100322010059.L3m_MO_CHL_chlor_a_4km.nc
> 2018-08-20 18:22:50.401250: -> A20100322010059.L3m_MO_CHL_chlor_a_4km.nc downloaded
> 2018-08-20 18:22:50.401320: -> downloading A20100602010090.L3m_MO_CHL_chlor_a_4km.nc
> 2018-08-20 18:22:50.401494: -> A20100602010090.L3m_MO_CHL_chlor_a_4km.nc downloaded
> 2018-08-20 18:22:50.401571: -> downloading A20100912010120.L3m_MO_CHL_chlor_a_4km.nc
> 2018-08-20 18:22:50.401702: -> A20100912010120.L3m_MO_CHL_chlor_a_4km.nc downloaded
> 2018-08-20 18:22:50.401791: -> downloading A20101212010151.L3m_MO_CHL_chlor_a_4km.nc
> 2018-08-20 18:22:50.401937: -> A20101212010151.L3m_MO_CHL_chlor_a_4km.nc downloaded
> 2018-08-20 18:22:50.402009: -> downloading A20101522010181.L3m_MO_CHL_chlor_a_4km.nc
> 2018-08-20 18:22:50.402134: -> A20101522010181.L3m_MO_CHL_chlor_a_4km.nc downloaded
> 2018-08-20 18:22:50.402198: -> downloading A20101822010212.L3m_MO_CHL_chlor_a_4km.nc
> 2018-08-20 18:22:50.402325: -> A20101822010212.L3m_MO_CHL_chlor_a_4km.nc downloaded
> 2018-08-20 18:22:50.402396: -> downloading A20102132010243.L3m_MO_CHL_chlor_a_4km.nc
> 2018-08-20 18:22:50.402522: -> A20102132010243.L3m_MO_CHL_chlor_a_4km.nc downloaded
> 2018-08-20 18:22:50.402586: -> downloading A20102442010273.L3m_MO_CHL_chlor_a_4km.nc
> 2018-08-20 18:22:50.402714: -> A20102442010273.L3m_MO_CHL_chlor_a_4km.nc downloaded
> 2018-08-20 18:22:50.402784: -> downloading A20102742010304.L3m_MO_CHL_chlor_a_4km.nc
> 2018-08-20 18:22:50.402918: -> A20102742010304.L3m_MO_CHL_chlor_a_4km.nc downloaded
> 2018-08-20 18:22:50.402982: -> downloading A20103052010334.L3m_MO_CHL_chlor_a_4km.nc
> 2018-08-20 18:22:50.403110: -> A20103052010334.L3m_MO_CHL_chlor_a_4km.nc downloaded
> 2018-08-20 18:22:50.403180: -> downloading A20103352010365.L3m_MO_CHL_chlor_a_4km.nc
> 2018-08-20 18:22:50.403304: -> A20103352010365.L3m_MO_CHL_chlor_a_4km.nc downloaded
> 2018-08-20 18:22:50.403370: -> downloading A20110012011031.L3m_MO_CHL_chlor_a_4km.nc
> 2018-08-20 18:22:50.403501: -> A20110012011031.L3m_MO_CHL_chlor_a_4km.nc downloaded
> 2018-08-20 18:22:50.403602: -> downloading A20110322011059.L3m_MO_CHL_chlor_a_4km.nc
> 2018-08-20 18:22:50.403751: -> A20110322011059.L3m_MO_CHL_chlor_a_4km.nc downloaded
> 2018-08-20 18:22:50.403816: -> downloading A20110602011090.L3m_MO_CHL_chlor_a_4km.nc
> 2018-08-20 18:22:50.403937: -> A20110602011090.L3m_MO_CHL_chlor_a_4km.nc downloaded
> 2018-08-20 18:22:50.404002: -> downloading A20110912011120.L3m_MO_CHL_chlor_a_4km.nc
> 2018-08-20 18:22:50.404132: -> A20110912011120.L3m_MO_CHL_chlor_a_4km.nc downloaded
> 2018-08-20 18:22:50.404202: -> downloading A20111212011151.L3m_MO_CHL_chlor_a_4km.nc
> 2018-08-20 18:22:50.404328: -> A20111212011151.L3m_MO_CHL_chlor_a_4km.nc downloaded
> 2018-08-20 18:22:50.404390: -> downloading A20111522011181.L3m_MO_CHL_chlor_a_4km.nc
> 2018-08-20 18:22:50.404518: -> A20111522011181.L3m_MO_CHL_chlor_a_4km.nc downloaded
> 2018-08-20 18:22:50.404587: -> downloading A20111822011212.L3m_MO_CHL_chlor_a_4km.nc
> 2018-08-20 18:22:50.404711: -> A20111822011212.L3m_MO_CHL_chlor_a_4km.nc downloaded
> 2018-08-20 18:22:50.404777: -> downloading A20112132011243.L3m_MO_CHL_chlor_a_4km.nc
> 2018-08-20 18:22:50.404945: -> A20112132011243.L3m_MO_CHL_chlor_a_4km.nc downloaded
> 2018-08-20 18:22:50.405023: -> downloading A20112442011273.L3m_MO_CHL_chlor_a_4km.nc
> 2018-08-20 18:22:50.405153: -> A20112442011273.L3m_MO_CHL_chlor_a_4km.nc downloaded
> 2018-08-20 18:22:50.405216: -> downloading A20112742011304.L3m_MO_CHL_chlor_a_4km.nc
> 2018-08-20 18:22:50.405345: -> A20112742011304.L3m_MO_CHL_chlor_a_4km.nc downloaded
> 2018-08-20 18:22:50.405408: -> downloading A20113052011334.L3m_MO_CHL_chlor_a_4km.nc
> 2018-08-20 18:22:50.405538: -> A20113052011334.L3m_MO_CHL_chlor_a_4km.nc downloaded
> 2018-08-20 18:22:50.405604: -> downloading A20113352011365.L3m_MO_CHL_chlor_a_4km.nc
> 2018-08-20 18:22:50.405733: -> A20113352011365.L3m_MO_CHL_chlor_a_4km.nc downloaded
> 2018-08-20 18:22:50.405803: -> downloading A20120012012031.L3m_MO_CHL_chlor_a_4km.nc
> 2018-08-20 18:22:50.405953: -> A20120012012031.L3m_MO_CHL_chlor_a_4km.nc downloaded
> 2018-08-20 18:22:50.406016: -> downloading A20120322012060.L3m_MO_CHL_chlor_a_4km.nc
> 2018-08-20 18:22:50.406147: -> A20120322012060.L3m_MO_CHL_chlor_a_4km.nc downloaded
> 2018-08-20 18:22:50.406216: -> downloading A20120612012091.L3m_MO_CHL_chlor_a_4km.nc
> 2018-08-20 18:22:50.406360: -> A20120612012091.L3m_MO_CHL_chlor_a_4km.nc downloaded
> 2018-08-20 18:22:50.406424: -> downloading A20120922012121.L3m_MO_CHL_chlor_a_4km.nc
> 2018-08-20 18:22:50.406549: -> A20120922012121.L3m_MO_CHL_chlor_a_4km.nc downloaded
> 2018-08-20 18:22:50.406619: -> downloading A20121222012152.L3m_MO_CHL_chlor_a_4km.nc
> 2018-08-20 18:22:50.406747: -> A20121222012152.L3m_MO_CHL_chlor_a_4km.nc downloaded
> 2018-08-20 18:22:50.406810: -> downloading A20121532012182.L3m_MO_CHL_chlor_a_4km.nc
> 2018-08-20 18:22:50.406961: -> A20121532012182.L3m_MO_CHL_chlor_a_4km.nc downloaded
> 2018-08-20 18:22:50.407071: -> downloading A20121832012213.L3m_MO_CHL_chlor_a_4km.nc
> 2018-08-20 18:22:50.407239: -> A20121832012213.L3m_MO_CHL_chlor_a_4km.nc downloaded
> 2018-08-20 18:22:50.407304: -> downloading A20122142012244.L3m_MO_CHL_chlor_a_4km.nc
> 2018-08-20 18:22:50.407433: -> A20122142012244.L3m_MO_CHL_chlor_a_4km.nc downloaded
> 2018-08-20 18:22:50.407505: -> downloading A20122452012274.L3m_MO_CHL_chlor_a_4km.nc
> 2018-08-20 18:22:50.407627: -> A20122452012274.L3m_MO_CHL_chlor_a_4km.nc downloaded
> 2018-08-20 18:22:50.407691: -> downloading A20122752012305.L3m_MO_CHL_chlor_a_4km.nc
> 2018-08-20 18:22:50.407839: -> A20122752012305.L3m_MO_CHL_chlor_a_4km.nc downloaded
> 2018-08-20 18:22:50.407909: -> downloading A20123062012335.L3m_MO_CHL_chlor_a_4km.nc
> 2018-08-20 18:22:50.408038: -> A20123062012335.L3m_MO_CHL_chlor_a_4km.nc downloaded
> 2018-08-20 18:22:50.408101: -> downloading A20123362012366.L3m_MO_CHL_chlor_a_4km.nc
> 2018-08-20 18:22:50.408262: -> A20123362012366.L3m_MO_CHL_chlor_a_4km.nc downloaded
> 2018-08-20 18:22:50.408351: -> downloading A20130012013031.L3m_MO_CHL_chlor_a_4km.nc
> 2018-08-20 18:22:50.408500: -> A20130012013031.L3m_MO_CHL_chlor_a_4km.nc downloaded
> 2018-08-20 18:22:50.408586: -> downloading A20130322013059.L3m_MO_CHL_chlor_a_4km.nc
> 2018-08-20 18:22:50.408729: -> A20130322013059.L3m_MO_CHL_chlor_a_4km.nc downloaded
> 2018-08-20 18:22:50.408795: -> downloading A20130602013090.L3m_MO_CHL_chlor_a_4km.nc
> 2018-08-20 18:22:50.408938: -> A20130602013090.L3m_MO_CHL_chlor_a_4km.nc downloaded
> 2018-08-20 18:22:50.409015: -> downloading A20130912013120.L3m_MO_CHL_chlor_a_4km.nc
> 2018-08-20 18:22:50.409140: -> A20130912013120.L3m_MO_CHL_chlor_a_4km.nc downloaded
> 2018-08-20 18:22:50.409214: -> downloading A20131212013151.L3m_MO_CHL_chlor_a_4km.nc
> 2018-08-20 18:22:50.409357: -> A20131212013151.L3m_MO_CHL_chlor_a_4km.nc downloaded
> 2018-08-20 18:22:50.409434: -> downloading A20131522013181.L3m_MO_CHL_chlor_a_4km.nc
> 2018-08-20 18:22:50.409571: -> A20131522013181.L3m_MO_CHL_chlor_a_4km.nc downloaded
> 2018-08-20 18:22:50.409655: -> downloading A20131822013212.L3m_MO_CHL_chlor_a_4km.nc
> 2018-08-20 18:22:50.409826: -> A20131822013212.L3m_MO_CHL_chlor_a_4km.nc downloaded
> 2018-08-20 18:22:50.409906: -> downloading A20132132013243.L3m_MO_CHL_chlor_a_4km.nc
> 2018-08-20 18:22:50.410062: -> A20132132013243.L3m_MO_CHL_chlor_a_4km.nc downloaded
> 2018-08-20 18:22:50.410138: -> downloading A20132442013273.L3m_MO_CHL_chlor_a_4km.nc
> 2018-08-20 18:22:50.410276: -> A20132442013273.L3m_MO_CHL_chlor_a_4km.nc downloaded
> 2018-08-20 18:22:50.410351: -> downloading A20132742013304.L3m_MO_CHL_chlor_a_4km.nc
> 2018-08-20 18:22:50.410482: -> A20132742013304.L3m_MO_CHL_chlor_a_4km.nc downloaded
> 2018-08-20 18:22:50.410556: -> downloading A20133052013334.L3m_MO_CHL_chlor_a_4km.nc
> 2018-08-20 18:22:50.410918: -> A20133052013334.L3m_MO_CHL_chlor_a_4km.nc downloaded
> 2018-08-20 18:22:50.411014: -> downloading A20133352013365.L3m_MO_CHL_chlor_a_4km.nc
> 2018-08-20 18:22:50.411172: -> A20133352013365.L3m_MO_CHL_chlor_a_4km.nc downloaded
> 2018-08-20 18:22:50.411294: -> downloading A20140012014031.L3m_MO_CHL_chlor_a_4km.nc
> 2018-08-20 18:22:50.411442: -> A20140012014031.L3m_MO_CHL_chlor_a_4km.nc downloaded
> 2018-08-20 18:22:50.411524: -> downloading A20140322014059.L3m_MO_CHL_chlor_a_4km.nc
> 2018-08-20 18:22:50.411670: -> A20140322014059.L3m_MO_CHL_chlor_a_4km.nc downloaded
> 2018-08-20 18:22:50.411751: -> downloading A20140602014090.L3m_MO_CHL_chlor_a_4km.nc
> 2018-08-20 18:22:50.411908: -> A20140602014090.L3m_MO_CHL_chlor_a_4km.nc downloaded
> 2018-08-20 18:22:50.411991: -> downloading A20140912014120.L3m_MO_CHL_chlor_a_4km.nc
> 2018-08-20 18:22:50.412144: -> A20140912014120.L3m_MO_CHL_chlor_a_4km.nc downloaded
> 2018-08-20 18:22:50.412225: -> downloading A20141212014151.L3m_MO_CHL_chlor_a_4km.nc
> 2018-08-20 18:22:50.412386: -> A20141212014151.L3m_MO_CHL_chlor_a_4km.nc downloaded
> 2018-08-20 18:22:50.412470: -> downloading A20141522014181.L3m_MO_CHL_chlor_a_4km.nc
> 2018-08-20 18:22:50.412643: -> A20141522014181.L3m_MO_CHL_chlor_a_4km.nc downloaded
> 2018-08-20 18:22:50.412727: -> downloading A20141822014212.L3m_MO_CHL_chlor_a_4km.nc
> 2018-08-20 18:22:50.412877: -> A20141822014212.L3m_MO_CHL_chlor_a_4km.nc downloaded
> 2018-08-20 18:22:50.412961: -> downloading A20142132014243.L3m_MO_CHL_chlor_a_4km.nc
> 2018-08-20 18:22:50.413112: -> A20142132014243.L3m_MO_CHL_chlor_a_4km.nc downloaded
> 2018-08-20 18:22:50.413195: -> downloading A20142442014273.L3m_MO_CHL_chlor_a_4km.nc
> 2018-08-20 18:22:50.413342: -> A20142442014273.L3m_MO_CHL_chlor_a_4km.nc downloaded
> 2018-08-20 18:22:50.413426: -> downloading A20142742014304.L3m_MO_CHL_chlor_a_4km.nc
> 2018-08-20 18:22:50.413588: -> A20142742014304.L3m_MO_CHL_chlor_a_4km.nc downloaded
> 2018-08-20 18:22:50.413672: -> downloading A20143052014334.L3m_MO_CHL_chlor_a_4km.nc
> 2018-08-20 18:22:50.413818: -> A20143052014334.L3m_MO_CHL_chlor_a_4km.nc downloaded
> 2018-08-20 18:22:50.413904: -> downloading A20143352014365.L3m_MO_CHL_chlor_a_4km.nc
> 2018-08-20 18:22:50.414057: -> A20143352014365.L3m_MO_CHL_chlor_a_4km.nc downloaded
> 2018-08-20 18:22:50.414140: -> downloading A20150012015031.L3m_MO_CHL_chlor_a_4km.nc
> 2018-08-20 18:22:50.414292: -> A20150012015031.L3m_MO_CHL_chlor_a_4km.nc downloaded
> 2018-08-20 18:22:50.414378: -> downloading A20150322015059.L3m_MO_CHL_chlor_a_4km.nc
> 2018-08-20 18:22:50.414524: -> A20150322015059.L3m_MO_CHL_chlor_a_4km.nc downloaded
> 2018-08-20 18:22:50.414607: -> downloading A20150602015090.L3m_MO_CHL_chlor_a_4km.nc
> 2018-08-20 18:22:50.414754: -> A20150602015090.L3m_MO_CHL_chlor_a_4km.nc downloaded
> 2018-08-20 18:22:50.414838: -> downloading A20150912015120.L3m_MO_CHL_chlor_a_4km.nc
> 2018-08-20 18:22:50.414989: -> A20150912015120.L3m_MO_CHL_chlor_a_4km.nc downloaded
> 2018-08-20 18:22:50.415105: -> downloading A20151212015151.L3m_MO_CHL_chlor_a_4km.nc
> 2018-08-20 18:22:50.415270: -> A20151212015151.L3m_MO_CHL_chlor_a_4km.nc downloaded
> 2018-08-20 18:22:50.415354: -> downloading A20151522015181.L3m_MO_CHL_chlor_a_4km.nc
> 2018-08-20 18:22:50.415501: -> A20151522015181.L3m_MO_CHL_chlor_a_4km.nc downloaded
> 2018-08-20 18:22:50.415581: -> downloading A20151822015212.L3m_MO_CHL_chlor_a_4km.nc
> 2018-08-20 18:22:50.415723: -> A20151822015212.L3m_MO_CHL_chlor_a_4km.nc downloaded
> 2018-08-20 18:22:50.415803: -> downloading A20152132015243.L3m_MO_CHL_chlor_a_4km.nc
> 2018-08-20 18:22:50.415942: -> A20152132015243.L3m_MO_CHL_chlor_a_4km.nc downloaded
> 2018-08-20 18:22:50.416018: -> downloading A20152442015273.L3m_MO_CHL_chlor_a_4km.nc
> 2018-08-20 18:22:50.416153: -> A20152442015273.L3m_MO_CHL_chlor_a_4km.nc downloaded
> 2018-08-20 18:22:50.416229: -> downloading A20152742015304.L3m_MO_CHL_chlor_a_4km.nc
> 2018-08-20 18:22:50.416429: -> A20152742015304.L3m_MO_CHL_chlor_a_4km.nc downloaded
> 2018-08-20 18:22:50.416517: -> downloading A20153052015334.L3m_MO_CHL_chlor_a_4km.nc
> 2018-08-20 18:22:50.416738: -> A20153052015334.L3m_MO_CHL_chlor_a_4km.nc downloaded
> 2018-08-20 18:22:50.417051: -> downloading A20153352015365.L3m_MO_CHL_chlor_a_4km.nc
> 2018-08-20 18:22:50.417218: -> A20153352015365.L3m_MO_CHL_chlor_a_4km.nc downloaded
> 2018-08-20 18:22:50.417310: -> downloading A20160012016031.L3m_MO_CHL_chlor_a_4km.nc
> 2018-08-20 18:22:50.417412: -> A20160012016031.L3m_MO_CHL_chlor_a_4km.nc downloaded
> 2018-08-20 18:22:50.417471: -> downloading A20160322016060.L3m_MO_CHL_chlor_a_4km.nc
> 2018-08-20 18:22:50.417632: -> A20160322016060.L3m_MO_CHL_chlor_a_4km.nc downloaded
> 2018-08-20 18:22:50.417701: -> downloading A20160612016091.L3m_MO_CHL_chlor_a_4km.nc
> 2018-08-20 18:22:50.417831: -> A20160612016091.L3m_MO_CHL_chlor_a_4km.nc downloaded
> 2018-08-20 18:22:50.417896: -> downloading A20160922016121.L3m_MO_CHL_chlor_a_4km.nc
> 2018-08-20 18:22:50.418032: -> A20160922016121.L3m_MO_CHL_chlor_a_4km.nc downloaded
> 2018-08-20 18:22:50.418110: -> downloading A20161222016152.L3m_MO_CHL_chlor_a_4km.nc
> 2018-08-20 18:22:50.418370: -> A20161222016152.L3m_MO_CHL_chlor_a_4km.nc downloaded
> 2018-08-20 18:22:50.418468: -> downloading A20161532016182.L3m_MO_CHL_chlor_a_4km.nc
> 2018-08-20 18:22:50.418621: -> A20161532016182.L3m_MO_CHL_chlor_a_4km.nc downloaded
> 2018-08-20 18:22:50.418705: -> downloading A20161832016213.L3m_MO_CHL_chlor_a_4km.nc
> 2018-08-20 18:22:50.418848: -> A20161832016213.L3m_MO_CHL_chlor_a_4km.nc downloaded
> 2018-08-20 18:22:50.418913: -> downloading A20162142016244.L3m_MO_CHL_chlor_a_4km.nc
> 2018-08-20 18:22:50.419052: -> A20162142016244.L3m_MO_CHL_chlor_a_4km.nc downloaded
> 2018-08-20 18:22:50.419117: -> downloading A20162452016274.L3m_MO_CHL_chlor_a_4km.nc
> 2018-08-20 18:22:50.419265: -> A20162452016274.L3m_MO_CHL_chlor_a_4km.nc downloaded
> 2018-08-20 18:22:50.419467: -> downloading A20162752016305.L3m_MO_CHL_chlor_a_4km.nc
> 2018-08-20 18:22:50.419857: -> A20162752016305.L3m_MO_CHL_chlor_a_4km.nc downloaded
> 2018-08-20 18:22:50.420066: -> downloading A20163062016335.L3m_MO_CHL_chlor_a_4km.nc
> 2018-08-20 18:22:50.420289: -> A20163062016335.L3m_MO_CHL_chlor_a_4km.nc downloaded
> 2018-08-20 18:22:50.420397: -> downloading A20163362016366.L3m_MO_CHL_chlor_a_4km.nc
> 2018-08-20 18:22:50.420550: -> A20163362016366.L3m_MO_CHL_chlor_a_4km.nc downloaded
> 2018-08-20 18:22:50.420670: -> downloading A20170012017031.L3m_MO_CHL_chlor_a_4km.nc
> 2018-08-20 18:22:50.420867: -> A20170012017031.L3m_MO_CHL_chlor_a_4km.nc downloaded
> 2018-08-20 18:22:50.420976: -> downloading A20170322017059.L3m_MO_CHL_chlor_a_4km.nc
> 2018-08-20 18:22:50.421186: -> A20170322017059.L3m_MO_CHL_chlor_a_4km.nc downloaded
> 2018-08-20 18:22:50.421284: -> downloading A20170602017090.L3m_MO_CHL_chlor_a_4km.nc
> 2018-08-20 18:22:50.421524: -> A20170602017090.L3m_MO_CHL_chlor_a_4km.nc downloaded
> 2018-08-20 18:22:50.421625: -> downloading A20170912017120.L3m_MO_CHL_chlor_a_4km.nc
> 2018-08-20 18:22:50.421795: -> A20170912017120.L3m_MO_CHL_chlor_a_4km.nc downloaded
> 2018-08-20 18:22:50.421890: -> downloading A20171212017151.L3m_MO_CHL_chlor_a_4km.nc
> 2018-08-20 18:22:50.422068: -> A20171212017151.L3m_MO_CHL_chlor_a_4km.nc downloaded
> 2018-08-20 18:22:50.422152: -> downloading A20171522017181.L3m_MO_CHL_chlor_a_4km.nc
> 2018-08-20 18:22:50.422310: -> A20171522017181.L3m_MO_CHL_chlor_a_4km.nc downloaded
> 2018-08-20 18:22:50.422374: -> downloading A20171822017212.L3m_MO_CHL_chlor_a_4km.nc
> 2018-08-20 18:22:50.422499: -> A20171822017212.L3m_MO_CHL_chlor_a_4km.nc downloaded
> 2018-08-20 18:22:50.422589: -> downloading A20172132017243.L3m_MO_CHL_chlor_a_4km.nc
> 2018-08-20 18:22:50.422728: -> A20172132017243.L3m_MO_CHL_chlor_a_4km.nc downloaded
> 2018-08-20 18:22:50.422817: -> downloading A20172442017273.L3m_MO_CHL_chlor_a_4km.nc
> 2018-08-20 18:22:50.422960: -> A20172442017273.L3m_MO_CHL_chlor_a_4km.nc downloaded
> 2018-08-20 18:22:50.423049: -> downloading A20172742017304.L3m_MO_CHL_chlor_a_4km.nc
> 2018-08-20 18:22:50.423184: -> A20172742017304.L3m_MO_CHL_chlor_a_4km.nc downloaded
> 2018-08-20 18:22:50.423249: -> downloading A20173052017334.L3m_MO_CHL_chlor_a_4km.nc
> 2018-08-20 18:22:50.423377: -> A20173052017334.L3m_MO_CHL_chlor_a_4km.nc downloaded
> 2018-08-20 18:22:50.423438: -> downloading A20173352017365.L3m_MO_CHL_chlor_a_4km.nc
> 2018-08-20 18:22:50.423604: -> A20173352017365.L3m_MO_CHL_chlor_a_4km.nc downloaded
> 2018-08-20 18:22:50.423687: -> downloading A20180012018031.L3m_MO_CHL_chlor_a_4km.nc
> 2018-08-20 18:22:50.423814: -> A20180012018031.L3m_MO_CHL_chlor_a_4km.nc downloaded
> 2018-08-20 18:22:50.423902: -> downloading A20180322018059.L3m_MO_CHL_chlor_a_4km.nc
> 2018-08-20 18:22:50.424033: -> A20180322018059.L3m_MO_CHL_chlor_a_4km.nc downloaded
> 2018-08-20 18:22:50.424096: -> downloading A20180602018090.L3m_MO_CHL_chlor_a_4km.nc
> 2018-08-20 18:22:50.424236: -> A20180602018090.L3m_MO_CHL_chlor_a_4km.nc downloaded
> 2018-08-20 18:22:50.424322: -> downloading A20180912018120.L3m_MO_CHL_chlor_a_4km.nc
> 2018-08-20 18:22:50.424466: -> A20180912018120.L3m_MO_CHL_chlor_a_4km.nc downloaded
> 2018-08-20 18:22:50.424553: -> downloading A20181212018151.L3m_MO_CHL_chlor_a_4km.nc
> 2018-08-20 18:22:50.424680: -> A20181212018151.L3m_MO_CHL_chlor_a_4km.nc downloaded
> 2018-08-20 18:22:50.424770: -> downloading A20181522018181.L3m_MO_CHL_chlor_a_4km.nc
> 2018-08-20 18:22:50.424899: -> A20181522018181.L3m_MO_CHL_chlor_a_4km.nc downloaded
> 2018-08-20 18:22:50.424961: -> downloading A20181822018212.L3m_MO_CHL_chlor_a_4km.nc
> 2018-08-20 18:22:50.425146: -> A20181822018212.L3m_MO_CHL_chlor_a_4km.nc downloaded
> 2018-08-20 18:22:52.493885: -> downloading A20021822002212.L3m_MO_NSST_sst_4km.nc
> 2018-08-20 18:22:52.494130: -> A20021822002212.L3m_MO_NSST_sst_4km.nc downloaded
> 2018-08-20 18:22:52.494202: -> downloading A20021822002212.L3m_MO_SST_sst_4km.nc
> 2018-08-20 18:22:52.494360: -> A20021822002212.L3m_MO_SST_sst_4km.nc downloaded
> 2018-08-20 18:22:52.494418: -> downloading A20022132002243.L3m_MO_NSST_sst_4km.nc
> 2018-08-20 18:22:52.494567: -> A20022132002243.L3m_MO_NSST_sst_4km.nc downloaded
> 2018-08-20 18:22:52.494640: -> downloading A20022132002243.L3m_MO_SST_sst_4km.nc
> 2018-08-20 18:22:52.494781: -> A20022132002243.L3m_MO_SST_sst_4km.nc downloaded
> 2018-08-20 18:22:52.494850: -> downloading A20022442002273.L3m_MO_NSST_sst_4km.nc
> 2018-08-20 18:22:52.494975: -> A20022442002273.L3m_MO_NSST_sst_4km.nc downloaded
> 2018-08-20 18:22:52.495036: -> downloading A20022442002273.L3m_MO_SST_sst_4km.nc
> 2018-08-20 18:22:52.495178: -> A20022442002273.L3m_MO_SST_sst_4km.nc downloaded
> 2018-08-20 18:22:52.495246: -> downloading A20022742002304.L3m_MO_NSST_sst_4km.nc
> 2018-08-20 18:22:52.495369: -> A20022742002304.L3m_MO_NSST_sst_4km.nc downloaded
> 2018-08-20 18:22:52.495429: -> downloading A20022742002304.L3m_MO_SST_sst_4km.nc
> 2018-08-20 18:22:52.495571: -> A20022742002304.L3m_MO_SST_sst_4km.nc downloaded
> 2018-08-20 18:22:52.495640: -> downloading A20023052002334.L3m_MO_NSST_sst_4km.nc
> 2018-08-20 18:22:52.495772: -> A20023052002334.L3m_MO_NSST_sst_4km.nc downloaded
> 2018-08-20 18:22:52.495832: -> downloading A20023052002334.L3m_MO_SST_sst_4km.nc
> 2018-08-20 18:22:52.495958: -> A20023052002334.L3m_MO_SST_sst_4km.nc downloaded
> 2018-08-20 18:22:52.496024: -> downloading A20023352002365.L3m_MO_NSST_sst_4km.nc
> 2018-08-20 18:22:52.496173: -> A20023352002365.L3m_MO_NSST_sst_4km.nc downloaded
> 2018-08-20 18:22:52.496233: -> downloading A20023352002365.L3m_MO_SST_sst_4km.nc
> 2018-08-20 18:22:52.496376: -> A20023352002365.L3m_MO_SST_sst_4km.nc downloaded
> 2018-08-20 18:22:52.496443: -> downloading A20030012003031.L3m_MO_NSST_sst_4km.nc
> 2018-08-20 18:22:52.496562: -> A20030012003031.L3m_MO_NSST_sst_4km.nc downloaded
> 2018-08-20 18:22:52.496621: -> downloading A20030012003031.L3m_MO_SST_sst_4km.nc
> 2018-08-20 18:22:52.496749: -> A20030012003031.L3m_MO_SST_sst_4km.nc downloaded
> 2018-08-20 18:22:52.496815: -> downloading A20030322003059.L3m_MO_NSST_sst_4km.nc
> 2018-08-20 18:22:52.496947: -> A20030322003059.L3m_MO_NSST_sst_4km.nc downloaded
> 2018-08-20 18:22:52.497007: -> downloading A20030322003059.L3m_MO_SST_sst_4km.nc
> 2018-08-20 18:22:52.497140: -> A20030322003059.L3m_MO_SST_sst_4km.nc downloaded
> 2018-08-20 18:22:52.497207: -> downloading A20030602003090.L3m_MO_NSST_sst_4km.nc
> 2018-08-20 18:22:52.497358: -> A20030602003090.L3m_MO_NSST_sst_4km.nc downloaded
> 2018-08-20 18:22:52.497465: -> downloading A20030602003090.L3m_MO_SST_sst_4km.nc
> 2018-08-20 18:22:52.497701: -> A20030602003090.L3m_MO_SST_sst_4km.nc downloaded
> 2018-08-20 18:22:52.497787: -> downloading A20030912003120.L3m_MO_NSST_sst_4km.nc
> 2018-08-20 18:22:52.497956: -> A20030912003120.L3m_MO_NSST_sst_4km.nc downloaded
> 2018-08-20 18:22:52.498047: -> downloading A20030912003120.L3m_MO_SST_sst_4km.nc
> 2018-08-20 18:22:52.498199: -> A20030912003120.L3m_MO_SST_sst_4km.nc downloaded
> 2018-08-20 18:22:52.498265: -> downloading A20031212003151.L3m_MO_NSST_sst_4km.nc
> 2018-08-20 18:22:52.498395: -> A20031212003151.L3m_MO_NSST_sst_4km.nc downloaded
> 2018-08-20 18:22:52.498456: -> downloading A20031212003151.L3m_MO_SST_sst_4km.nc
> 2018-08-20 18:22:52.498631: -> A20031212003151.L3m_MO_SST_sst_4km.nc downloaded
> 2018-08-20 18:22:52.498715: -> downloading A20031522003181.L3m_MO_NSST_sst_4km.nc
> 2018-08-20 18:22:52.498860: -> A20031522003181.L3m_MO_NSST_sst_4km.nc downloaded
> 2018-08-20 18:22:52.498917: -> downloading A20031522003181.L3m_MO_SST_sst_4km.nc
> 2018-08-20 18:22:52.499059: -> A20031522003181.L3m_MO_SST_sst_4km.nc downloaded
> 2018-08-20 18:22:52.499135: -> downloading A20031822003212.L3m_MO_NSST_sst_4km.nc
> 2018-08-20 18:22:52.499258: -> A20031822003212.L3m_MO_NSST_sst_4km.nc downloaded
> 2018-08-20 18:22:52.499319: -> downloading A20031822003212.L3m_MO_SST_sst_4km.nc
> 2018-08-20 18:22:52.499460: -> A20031822003212.L3m_MO_SST_sst_4km.nc downloaded
> 2018-08-20 18:22:52.499528: -> downloading A20032132003243.L3m_MO_NSST_sst_4km.nc
> 2018-08-20 18:22:52.499652: -> A20032132003243.L3m_MO_NSST_sst_4km.nc downloaded
> 2018-08-20 18:22:52.499711: -> downloading A20032132003243.L3m_MO_SST_sst_4km.nc
> 2018-08-20 18:22:52.499838: -> A20032132003243.L3m_MO_SST_sst_4km.nc downloaded
> 2018-08-20 18:22:52.499903: -> downloading A20032442003273.L3m_MO_NSST_sst_4km.nc
> 2018-08-20 18:22:52.500026: -> A20032442003273.L3m_MO_NSST_sst_4km.nc downloaded
> 2018-08-20 18:22:52.500087: -> downloading A20032442003273.L3m_MO_SST_sst_4km.nc
> 2018-08-20 18:22:52.500215: -> A20032442003273.L3m_MO_SST_sst_4km.nc downloaded
> 2018-08-20 18:22:52.500281: -> downloading A20032742003304.L3m_MO_NSST_sst_4km.nc
> 2018-08-20 18:22:52.500416: -> A20032742003304.L3m_MO_NSST_sst_4km.nc downloaded
> 2018-08-20 18:22:52.500475: -> downloading A20032742003304.L3m_MO_SST_sst_4km.nc
> 2018-08-20 18:22:52.500603: -> A20032742003304.L3m_MO_SST_sst_4km.nc downloaded
> 2018-08-20 18:22:52.500668: -> downloading A20033052003334.L3m_MO_NSST_sst_4km.nc
> 2018-08-20 18:22:52.500803: -> A20033052003334.L3m_MO_NSST_sst_4km.nc downloaded
> 2018-08-20 18:22:52.500862: -> downloading A20033052003334.L3m_MO_SST_sst_4km.nc
> 2018-08-20 18:22:52.501009: -> A20033052003334.L3m_MO_SST_sst_4km.nc downloaded
> 2018-08-20 18:22:52.501110: -> downloading A20033352003365.L3m_MO_NSST_sst_4km.nc
> 2018-08-20 18:22:52.501272: -> A20033352003365.L3m_MO_NSST_sst_4km.nc downloaded
> 2018-08-20 18:22:52.501339: -> downloading A20033352003365.L3m_MO_SST_sst_4km.nc
> 2018-08-20 18:22:52.501466: -> A20033352003365.L3m_MO_SST_sst_4km.nc downloaded
> 2018-08-20 18:22:52.501524: -> downloading A20040012004031.L3m_MO_NSST_sst_4km.nc
> 2018-08-20 18:22:52.501662: -> A20040012004031.L3m_MO_NSST_sst_4km.nc downloaded
> 2018-08-20 18:22:52.501720: -> downloading A20040012004031.L3m_MO_SST_sst_4km.nc
> 2018-08-20 18:22:52.501847: -> A20040012004031.L3m_MO_SST_sst_4km.nc downloaded
> 2018-08-20 18:22:52.501904: -> downloading A20040322004060.L3m_MO_NSST_sst_4km.nc
> 2018-08-20 18:22:52.502031: -> A20040322004060.L3m_MO_NSST_sst_4km.nc downloaded
> 2018-08-20 18:22:52.502087: -> downloading A20040322004060.L3m_MO_SST_sst_4km.nc
> 2018-08-20 18:22:52.502224: -> A20040322004060.L3m_MO_SST_sst_4km.nc downloaded
> 2018-08-20 18:22:52.502303: -> downloading A20040612004091.L3m_MO_NSST_sst_4km.nc
> 2018-08-20 18:22:52.502466: -> A20040612004091.L3m_MO_NSST_sst_4km.nc downloaded
> 2018-08-20 18:22:52.502559: -> downloading A20040612004091.L3m_MO_SST_sst_4km.nc
> 2018-08-20 18:22:52.502762: -> A20040612004091.L3m_MO_SST_sst_4km.nc downloaded
> 2018-08-20 18:22:52.502825: -> downloading A20040922004121.L3m_MO_NSST_sst_4km.nc
> 2018-08-20 18:22:52.502960: -> A20040922004121.L3m_MO_NSST_sst_4km.nc downloaded
> 2018-08-20 18:22:52.503028: -> downloading A20040922004121.L3m_MO_SST_sst_4km.nc
> 2018-08-20 18:22:52.503147: -> A20040922004121.L3m_MO_SST_sst_4km.nc downloaded
> 2018-08-20 18:22:52.503207: -> downloading A20041222004152.L3m_MO_NSST_sst_4km.nc
> 2018-08-20 18:22:52.503344: -> A20041222004152.L3m_MO_NSST_sst_4km.nc downloaded
> 2018-08-20 18:22:52.503412: -> downloading A20041222004152.L3m_MO_SST_sst_4km.nc
> 2018-08-20 18:22:52.503558: -> A20041222004152.L3m_MO_SST_sst_4km.nc downloaded
> 2018-08-20 18:22:52.503617: -> downloading A20041532004182.L3m_MO_NSST_sst_4km.nc
> 2018-08-20 18:22:52.503746: -> A20041532004182.L3m_MO_NSST_sst_4km.nc downloaded
> 2018-08-20 18:22:52.503813: -> downloading A20041532004182.L3m_MO_SST_sst_4km.nc
> 2018-08-20 18:22:52.503934: -> A20041532004182.L3m_MO_SST_sst_4km.nc downloaded
> 2018-08-20 18:22:52.503992: -> downloading A20041832004213.L3m_MO_NSST_sst_4km.nc
> 2018-08-20 18:22:52.504127: -> A20041832004213.L3m_MO_NSST_sst_4km.nc downloaded
> 2018-08-20 18:22:52.504227: -> downloading A20041832004213.L3m_MO_SST_sst_4km.nc
> 2018-08-20 18:22:52.504431: -> A20041832004213.L3m_MO_SST_sst_4km.nc downloaded
> 2018-08-20 18:22:52.504496: -> downloading A20042142004244.L3m_MO_NSST_sst_4km.nc
> 2018-08-20 18:22:52.504638: -> A20042142004244.L3m_MO_NSST_sst_4km.nc downloaded
> 2018-08-20 18:22:52.504702: -> downloading A20042142004244.L3m_MO_SST_sst_4km.nc
> 2018-08-20 18:22:52.504823: -> A20042142004244.L3m_MO_SST_sst_4km.nc downloaded
> 2018-08-20 18:22:52.504884: -> downloading A20042452004274.L3m_MO_NSST_sst_4km.nc
> 2018-08-20 18:22:52.505021: -> A20042452004274.L3m_MO_NSST_sst_4km.nc downloaded
> 2018-08-20 18:22:52.505098: -> downloading A20042452004274.L3m_MO_SST_sst_4km.nc
> 2018-08-20 18:22:52.505312: -> A20042452004274.L3m_MO_SST_sst_4km.nc downloaded
> 2018-08-20 18:22:52.505398: -> downloading A20042752004305.L3m_MO_NSST_sst_4km.nc
> 2018-08-20 18:22:52.505573: -> A20042752004305.L3m_MO_NSST_sst_4km.nc downloaded
> 2018-08-20 18:22:52.505654: -> downloading A20042752004305.L3m_MO_SST_sst_4km.nc
> 2018-08-20 18:22:52.505806: -> A20042752004305.L3m_MO_SST_sst_4km.nc downloaded
> 2018-08-20 18:22:52.505888: -> downloading A20043062004335.L3m_MO_NSST_sst_4km.nc
> 2018-08-20 18:22:52.506017: -> A20043062004335.L3m_MO_NSST_sst_4km.nc downloaded
> 2018-08-20 18:22:52.506074: -> downloading A20043062004335.L3m_MO_SST_sst_4km.nc
> 2018-08-20 18:22:52.506203: -> A20043062004335.L3m_MO_SST_sst_4km.nc downloaded
> 2018-08-20 18:22:52.506259: -> downloading A20043362004366.L3m_MO_NSST_sst_4km.nc
> 2018-08-20 18:22:52.506409: -> A20043362004366.L3m_MO_NSST_sst_4km.nc downloaded
> 2018-08-20 18:22:52.506466: -> downloading A20043362004366.L3m_MO_SST_sst_4km.nc
> 2018-08-20 18:22:52.506590: -> A20043362004366.L3m_MO_SST_sst_4km.nc downloaded
> 2018-08-20 18:22:52.506646: -> downloading A20050012005031.L3m_MO_NSST_sst_4km.nc
> 2018-08-20 18:22:52.506783: -> A20050012005031.L3m_MO_NSST_sst_4km.nc downloaded
> 2018-08-20 18:22:52.506839: -> downloading A20050012005031.L3m_MO_SST_sst_4km.nc
> 2018-08-20 18:22:52.506961: -> A20050012005031.L3m_MO_SST_sst_4km.nc downloaded
> 2018-08-20 18:22:52.507017: -> downloading A20050322005059.L3m_MO_NSST_sst_4km.nc
> 2018-08-20 18:22:52.507139: -> A20050322005059.L3m_MO_NSST_sst_4km.nc downloaded
> 2018-08-20 18:22:52.507195: -> downloading A20050322005059.L3m_MO_SST_sst_4km.nc
> 2018-08-20 18:22:52.507320: -> A20050322005059.L3m_MO_SST_sst_4km.nc downloaded
> 2018-08-20 18:22:52.507375: -> downloading A20050602005090.L3m_MO_NSST_sst_4km.nc
> 2018-08-20 18:22:52.507509: -> A20050602005090.L3m_MO_NSST_sst_4km.nc downloaded
> 2018-08-20 18:22:52.507564: -> downloading A20050602005090.L3m_MO_SST_sst_4km.nc
> 2018-08-20 18:22:52.507694: -> A20050602005090.L3m_MO_SST_sst_4km.nc downloaded
> 2018-08-20 18:22:52.507822: -> downloading A20050912005120.L3m_MO_NSST_sst_4km.nc
> 2018-08-20 18:22:52.507995: -> A20050912005120.L3m_MO_NSST_sst_4km.nc downloaded
> 2018-08-20 18:22:52.508062: -> downloading A20050912005120.L3m_MO_SST_sst_4km.nc
> 2018-08-20 18:22:52.508197: -> A20050912005120.L3m_MO_SST_sst_4km.nc downloaded
> 2018-08-20 18:22:52.508266: -> downloading A20051212005151.L3m_MO_NSST_sst_4km.nc
> 2018-08-20 18:22:52.508398: -> A20051212005151.L3m_MO_NSST_sst_4km.nc downloaded
> 2018-08-20 18:22:52.508456: -> downloading A20051212005151.L3m_MO_SST_sst_4km.nc
> 2018-08-20 18:22:52.508581: -> A20051212005151.L3m_MO_SST_sst_4km.nc downloaded
> 2018-08-20 18:22:52.508647: -> downloading A20051522005181.L3m_MO_NSST_sst_4km.nc
> 2018-08-20 18:22:52.508779: -> A20051522005181.L3m_MO_NSST_sst_4km.nc downloaded
> 2018-08-20 18:22:52.508841: -> downloading A20051522005181.L3m_MO_SST_sst_4km.nc
> 2018-08-20 18:22:52.508979: -> A20051522005181.L3m_MO_SST_sst_4km.nc downloaded
> 2018-08-20 18:22:52.509059: -> downloading A20051822005212.L3m_MO_NSST_sst_4km.nc
> 2018-08-20 18:22:52.509187: -> A20051822005212.L3m_MO_NSST_sst_4km.nc downloaded
> 2018-08-20 18:22:52.509244: -> downloading A20051822005212.L3m_MO_SST_sst_4km.nc
> 2018-08-20 18:22:52.509368: -> A20051822005212.L3m_MO_SST_sst_4km.nc downloaded
> 2018-08-20 18:22:52.509426: -> downloading A20052132005243.L3m_MO_NSST_sst_4km.nc
> 2018-08-20 18:22:52.509584: -> A20052132005243.L3m_MO_NSST_sst_4km.nc downloaded
> 2018-08-20 18:22:52.509647: -> downloading A20052132005243.L3m_MO_SST_sst_4km.nc
> 2018-08-20 18:22:52.509770: -> A20052132005243.L3m_MO_SST_sst_4km.nc downloaded
> 2018-08-20 18:22:52.509826: -> downloading A20052442005273.L3m_MO_NSST_sst_4km.nc
> 2018-08-20 18:22:52.509970: -> A20052442005273.L3m_MO_NSST_sst_4km.nc downloaded
> 2018-08-20 18:22:52.510036: -> downloading A20052442005273.L3m_MO_SST_sst_4km.nc
> 2018-08-20 18:22:52.510158: -> A20052442005273.L3m_MO_SST_sst_4km.nc downloaded
> 2018-08-20 18:22:52.510220: -> downloading A20052742005304.L3m_MO_NSST_sst_4km.nc
> 2018-08-20 18:22:52.510351: -> A20052742005304.L3m_MO_NSST_sst_4km.nc downloaded
> 2018-08-20 18:22:52.510419: -> downloading A20052742005304.L3m_MO_SST_sst_4km.nc
> 2018-08-20 18:22:52.510555: -> A20052742005304.L3m_MO_SST_sst_4km.nc downloaded
> 2018-08-20 18:22:52.510613: -> downloading A20053052005334.L3m_MO_NSST_sst_4km.nc
> 2018-08-20 18:22:52.510737: -> A20053052005334.L3m_MO_NSST_sst_4km.nc downloaded
> 2018-08-20 18:22:52.510801: -> downloading A20053052005334.L3m_MO_SST_sst_4km.nc
> 2018-08-20 18:22:52.510932: -> A20053052005334.L3m_MO_SST_sst_4km.nc downloaded
> 2018-08-20 18:22:52.510992: -> downloading A20053352005365.L3m_MO_NSST_sst_4km.nc
> 2018-08-20 18:22:52.511151: -> A20053352005365.L3m_MO_NSST_sst_4km.nc downloaded
> 2018-08-20 18:22:52.511254: -> downloading A20053352005365.L3m_MO_SST_sst_4km.nc
> 2018-08-20 18:22:52.511409: -> A20053352005365.L3m_MO_SST_sst_4km.nc downloaded
> 2018-08-20 18:22:52.511483: -> downloading A20060012006031.L3m_MO_NSST_sst_4km.nc
> 2018-08-20 18:22:52.511623: -> A20060012006031.L3m_MO_NSST_sst_4km.nc downloaded
> 2018-08-20 18:22:52.511681: -> downloading A20060012006031.L3m_MO_SST_sst_4km.nc
> 2018-08-20 18:22:52.511805: -> A20060012006031.L3m_MO_SST_sst_4km.nc downloaded
> 2018-08-20 18:22:52.511860: -> downloading A20060322006059.L3m_MO_NSST_sst_4km.nc
> 2018-08-20 18:22:52.511988: -> A20060322006059.L3m_MO_NSST_sst_4km.nc downloaded
> 2018-08-20 18:22:52.512044: -> downloading A20060322006059.L3m_MO_SST_sst_4km.nc
> 2018-08-20 18:22:52.512181: -> A20060322006059.L3m_MO_SST_sst_4km.nc downloaded
> 2018-08-20 18:22:52.512237: -> downloading A20060602006090.L3m_MO_NSST_sst_4km.nc
> 2018-08-20 18:22:52.512360: -> A20060602006090.L3m_MO_NSST_sst_4km.nc downloaded
> 2018-08-20 18:22:52.512431: -> downloading A20060602006090.L3m_MO_SST_sst_4km.nc
> 2018-08-20 18:22:52.512554: -> A20060602006090.L3m_MO_SST_sst_4km.nc downloaded
> 2018-08-20 18:22:52.512610: -> downloading A20060912006120.L3m_MO_NSST_sst_4km.nc
> 2018-08-20 18:22:52.512772: -> A20060912006120.L3m_MO_NSST_sst_4km.nc downloaded
> 2018-08-20 18:22:52.512879: -> downloading A20060912006120.L3m_MO_SST_sst_4km.nc
> 2018-08-20 18:22:52.513012: -> A20060912006120.L3m_MO_SST_sst_4km.nc downloaded
> 2018-08-20 18:22:52.513082: -> downloading A20061212006151.L3m_MO_NSST_sst_4km.nc
> 2018-08-20 18:22:52.513224: -> A20061212006151.L3m_MO_NSST_sst_4km.nc downloaded
> 2018-08-20 18:22:52.513282: -> downloading A20061212006151.L3m_MO_SST_sst_4km.nc
> 2018-08-20 18:22:52.513408: -> A20061212006151.L3m_MO_SST_sst_4km.nc downloaded
> 2018-08-20 18:22:52.513473: -> downloading A20061522006181.L3m_MO_NSST_sst_4km.nc
> 2018-08-20 18:22:52.513620: -> A20061522006181.L3m_MO_NSST_sst_4km.nc downloaded
> 2018-08-20 18:22:52.513696: -> downloading A20061522006181.L3m_MO_SST_sst_4km.nc
> 2018-08-20 18:22:52.513854: -> A20061522006181.L3m_MO_SST_sst_4km.nc downloaded
> 2018-08-20 18:22:52.513929: -> downloading A20061822006212.L3m_MO_NSST_sst_4km.nc
> 2018-08-20 18:22:52.514059: -> A20061822006212.L3m_MO_NSST_sst_4km.nc downloaded
> 2018-08-20 18:22:52.514116: -> downloading A20061822006212.L3m_MO_SST_sst_4km.nc
> 2018-08-20 18:22:52.514244: -> A20061822006212.L3m_MO_SST_sst_4km.nc downloaded
> 2018-08-20 18:22:52.514311: -> downloading A20062132006243.L3m_MO_NSST_sst_4km.nc
> 2018-08-20 18:22:52.514449: -> A20062132006243.L3m_MO_NSST_sst_4km.nc downloaded
> 2018-08-20 18:22:52.514507: -> downloading A20062132006243.L3m_MO_SST_sst_4km.nc
> 2018-08-20 18:22:52.514679: -> A20062132006243.L3m_MO_SST_sst_4km.nc downloaded
> 2018-08-20 18:22:52.514758: -> downloading A20062442006273.L3m_MO_NSST_sst_4km.nc
> 2018-08-20 18:22:52.514936: -> A20062442006273.L3m_MO_NSST_sst_4km.nc downloaded
> 2018-08-20 18:22:52.515024: -> downloading A20062442006273.L3m_MO_SST_sst_4km.nc
> 2018-08-20 18:22:52.515206: -> A20062442006273.L3m_MO_SST_sst_4km.nc downloaded
> 2018-08-20 18:22:52.515270: -> downloading A20062742006304.L3m_MO_NSST_sst_4km.nc
> 2018-08-20 18:22:52.515399: -> A20062742006304.L3m_MO_NSST_sst_4km.nc downloaded
> 2018-08-20 18:22:52.515465: -> downloading A20062742006304.L3m_MO_SST_sst_4km.nc
> 2018-08-20 18:22:52.515592: -> A20062742006304.L3m_MO_SST_sst_4km.nc downloaded
> 2018-08-20 18:22:52.515652: -> downloading A20063052006334.L3m_MO_NSST_sst_4km.nc
> 2018-08-20 18:22:52.515776: -> A20063052006334.L3m_MO_NSST_sst_4km.nc downloaded
> 2018-08-20 18:22:52.515834: -> downloading A20063052006334.L3m_MO_SST_sst_4km.nc
> 2018-08-20 18:22:52.515957: -> A20063052006334.L3m_MO_SST_sst_4km.nc downloaded
> 2018-08-20 18:22:52.516035: -> downloading A20063352006365.L3m_MO_NSST_sst_4km.nc
> 2018-08-20 18:22:52.516224: -> A20063352006365.L3m_MO_NSST_sst_4km.nc downloaded
> 2018-08-20 18:22:52.516290: -> downloading A20063352006365.L3m_MO_SST_sst_4km.nc
> 2018-08-20 18:22:52.516437: -> A20063352006365.L3m_MO_SST_sst_4km.nc downloaded
> 2018-08-20 18:22:52.516510: -> downloading A20070012007031.L3m_MO_NSST_sst_4km.nc
> 2018-08-20 18:22:52.516644: -> A20070012007031.L3m_MO_NSST_sst_4km.nc downloaded
> 2018-08-20 18:22:52.516705: -> downloading A20070012007031.L3m_MO_SST_sst_4km.nc
> 2018-08-20 18:22:52.516845: -> A20070012007031.L3m_MO_SST_sst_4km.nc downloaded
> 2018-08-20 18:22:52.516911: -> downloading A20070322007059.L3m_MO_NSST_sst_4km.nc
> 2018-08-20 18:22:52.517032: -> A20070322007059.L3m_MO_NSST_sst_4km.nc downloaded
> 2018-08-20 18:22:52.517096: -> downloading A20070322007059.L3m_MO_SST_sst_4km.nc
> 2018-08-20 18:22:52.517221: -> A20070322007059.L3m_MO_SST_sst_4km.nc downloaded
> 2018-08-20 18:22:52.517287: -> downloading A20070602007090.L3m_MO_NSST_sst_4km.nc
> 2018-08-20 18:22:52.517410: -> A20070602007090.L3m_MO_NSST_sst_4km.nc downloaded
> 2018-08-20 18:22:52.517471: -> downloading A20070602007090.L3m_MO_SST_sst_4km.nc
> 2018-08-20 18:22:52.517607: -> A20070602007090.L3m_MO_SST_sst_4km.nc downloaded
> 2018-08-20 18:22:52.517664: -> downloading A20070912007120.L3m_MO_NSST_sst_4km.nc
> 2018-08-20 18:22:52.517809: -> A20070912007120.L3m_MO_NSST_sst_4km.nc downloaded
> 2018-08-20 18:22:52.517866: -> downloading A20070912007120.L3m_MO_SST_sst_4km.nc
> 2018-08-20 18:22:52.518012: -> A20070912007120.L3m_MO_SST_sst_4km.nc downloaded
> 2018-08-20 18:22:52.518068: -> downloading A20071212007151.L3m_MO_NSST_sst_4km.nc
> 2018-08-20 18:22:52.518198: -> A20071212007151.L3m_MO_NSST_sst_4km.nc downloaded
> 2018-08-20 18:22:52.518292: -> downloading A20071212007151.L3m_MO_SST_sst_4km.nc
> 2018-08-20 18:22:52.518448: -> A20071212007151.L3m_MO_SST_sst_4km.nc downloaded
> 2018-08-20 18:22:52.518505: -> downloading A20071522007181.L3m_MO_NSST_sst_4km.nc
> 2018-08-20 18:22:52.518644: -> A20071522007181.L3m_MO_NSST_sst_4km.nc downloaded
> 2018-08-20 18:22:52.518709: -> downloading A20071522007181.L3m_MO_SST_sst_4km.nc
> 2018-08-20 18:22:52.518831: -> A20071522007181.L3m_MO_SST_sst_4km.nc downloaded
> 2018-08-20 18:22:52.518893: -> downloading A20071822007212.L3m_MO_NSST_sst_4km.nc
> 2018-08-20 18:22:52.519025: -> A20071822007212.L3m_MO_NSST_sst_4km.nc downloaded
> 2018-08-20 18:22:52.519092: -> downloading A20071822007212.L3m_MO_SST_sst_4km.nc
> 2018-08-20 18:22:52.519237: -> A20071822007212.L3m_MO_SST_sst_4km.nc downloaded
> 2018-08-20 18:22:52.519295: -> downloading A20072132007243.L3m_MO_NSST_sst_4km.nc
> 2018-08-20 18:22:52.519473: -> A20072132007243.L3m_MO_NSST_sst_4km.nc downloaded
> 2018-08-20 18:22:52.519546: -> downloading A20072132007243.L3m_MO_SST_sst_4km.nc
> 2018-08-20 18:22:52.519679: -> A20072132007243.L3m_MO_SST_sst_4km.nc downloaded
> 2018-08-20 18:22:52.519736: -> downloading A20072442007273.L3m_MO_NSST_sst_4km.nc
> 2018-08-20 18:22:52.519892: -> A20072442007273.L3m_MO_NSST_sst_4km.nc downloaded
> 2018-08-20 18:22:52.519949: -> downloading A20072442007273.L3m_MO_SST_sst_4km.nc
> 2018-08-20 18:22:52.520073: -> A20072442007273.L3m_MO_SST_sst_4km.nc downloaded
> 2018-08-20 18:22:52.520137: -> downloading A20072742007304.L3m_MO_NSST_sst_4km.nc
> 2018-08-20 18:22:52.520261: -> A20072742007304.L3m_MO_NSST_sst_4km.nc downloaded
> 2018-08-20 18:22:52.520323: -> downloading A20072742007304.L3m_MO_SST_sst_4km.nc
> 2018-08-20 18:22:52.520460: -> A20072742007304.L3m_MO_SST_sst_4km.nc downloaded
> 2018-08-20 18:22:52.520527: -> downloading A20073052007334.L3m_MO_NSST_sst_4km.nc
> 2018-08-20 18:22:52.520650: -> A20073052007334.L3m_MO_NSST_sst_4km.nc downloaded
> 2018-08-20 18:22:52.520709: -> downloading A20073052007334.L3m_MO_SST_sst_4km.nc
> 2018-08-20 18:22:52.520836: -> A20073052007334.L3m_MO_SST_sst_4km.nc downloaded
> 2018-08-20 18:22:52.520899: -> downloading A20073352007365.L3m_MO_NSST_sst_4km.nc
> 2018-08-20 18:22:52.521025: -> A20073352007365.L3m_MO_NSST_sst_4km.nc downloaded
> 2018-08-20 18:22:52.521085: -> downloading A20073352007365.L3m_MO_SST_sst_4km.nc
> 2018-08-20 18:22:52.521213: -> A20073352007365.L3m_MO_SST_sst_4km.nc downloaded
> 2018-08-20 18:22:52.521278: -> downloading A20080012008031.L3m_MO_NSST_sst_4km.nc
> 2018-08-20 18:22:52.521414: -> A20080012008031.L3m_MO_NSST_sst_4km.nc downloaded
> 2018-08-20 18:22:52.521475: -> downloading A20080012008031.L3m_MO_SST_sst_4km.nc
> 2018-08-20 18:22:52.521634: -> A20080012008031.L3m_MO_SST_sst_4km.nc downloaded
> 2018-08-20 18:22:52.521710: -> downloading A20080322008060.L3m_MO_NSST_sst_4km.nc
> 2018-08-20 18:22:52.521865: -> A20080322008060.L3m_MO_NSST_sst_4km.nc downloaded
> 2018-08-20 18:22:52.521940: -> downloading A20080322008060.L3m_MO_SST_sst_4km.nc
> 2018-08-20 18:22:52.522066: -> A20080322008060.L3m_MO_SST_sst_4km.nc downloaded
> 2018-08-20 18:22:52.522122: -> downloading A20080612008091.L3m_MO_NSST_sst_4km.nc
> 2018-08-20 18:22:52.522258: -> A20080612008091.L3m_MO_NSST_sst_4km.nc downloaded
> 2018-08-20 18:22:52.522330: -> downloading A20080612008091.L3m_MO_SST_sst_4km.nc
> 2018-08-20 18:22:52.522473: -> A20080612008091.L3m_MO_SST_sst_4km.nc downloaded
> 2018-08-20 18:22:52.522537: -> downloading A20080922008121.L3m_MO_NSST_sst_4km.nc
> 2018-08-20 18:22:52.522690: -> A20080922008121.L3m_MO_NSST_sst_4km.nc downloaded
> 2018-08-20 18:22:52.522755: -> downloading A20080922008121.L3m_MO_SST_sst_4km.nc
> 2018-08-20 18:22:52.522919: -> A20080922008121.L3m_MO_SST_sst_4km.nc downloaded
> 2018-08-20 18:22:52.523015: -> downloading A20081222008152.L3m_MO_NSST_sst_4km.nc
> 2018-08-20 18:22:52.523179: -> A20081222008152.L3m_MO_NSST_sst_4km.nc downloaded
> 2018-08-20 18:22:52.523253: -> downloading A20081222008152.L3m_MO_SST_sst_4km.nc
> 2018-08-20 18:22:52.523397: -> A20081222008152.L3m_MO_SST_sst_4km.nc downloaded
> 2018-08-20 18:22:52.523462: -> downloading A20081532008182.L3m_MO_NSST_sst_4km.nc
> 2018-08-20 18:22:52.523591: -> A20081532008182.L3m_MO_NSST_sst_4km.nc downloaded
> 2018-08-20 18:22:52.523655: -> downloading A20081532008182.L3m_MO_SST_sst_4km.nc
> 2018-08-20 18:22:52.523787: -> A20081532008182.L3m_MO_SST_sst_4km.nc downloaded
> 2018-08-20 18:22:52.523848: -> downloading A20081832008213.L3m_MO_NSST_sst_4km.nc
> 2018-08-20 18:22:52.523988: -> A20081832008213.L3m_MO_NSST_sst_4km.nc downloaded
> 2018-08-20 18:22:52.524047: -> downloading A20081832008213.L3m_MO_SST_sst_4km.nc
> 2018-08-20 18:22:52.524176: -> A20081832008213.L3m_MO_SST_sst_4km.nc downloaded
> 2018-08-20 18:22:52.524234: -> downloading A20082142008244.L3m_MO_NSST_sst_4km.nc
> 2018-08-20 18:22:52.524362: -> A20082142008244.L3m_MO_NSST_sst_4km.nc downloaded
> 2018-08-20 18:22:52.524419: -> downloading A20082142008244.L3m_MO_SST_sst_4km.nc
> 2018-08-20 18:22:52.524555: -> A20082142008244.L3m_MO_SST_sst_4km.nc downloaded
> 2018-08-20 18:22:52.524635: -> downloading A20082452008274.L3m_MO_NSST_sst_4km.nc
> 2018-08-20 18:22:52.524801: -> A20082452008274.L3m_MO_NSST_sst_4km.nc downloaded
> 2018-08-20 18:22:52.524861: -> downloading A20082452008274.L3m_MO_SST_sst_4km.nc
> 2018-08-20 18:22:52.525029: -> A20082452008274.L3m_MO_SST_sst_4km.nc downloaded
> 2018-08-20 18:22:52.525113: -> downloading A20082752008305.L3m_MO_NSST_sst_4km.nc
> 2018-08-20 18:22:52.525262: -> A20082752008305.L3m_MO_NSST_sst_4km.nc downloaded
> 2018-08-20 18:22:52.525320: -> downloading A20082752008305.L3m_MO_SST_sst_4km.nc
> 2018-08-20 18:22:52.525447: -> A20082752008305.L3m_MO_SST_sst_4km.nc downloaded
> 2018-08-20 18:22:52.525512: -> downloading A20083062008335.L3m_MO_NSST_sst_4km.nc
> 2018-08-20 18:22:52.525645: -> A20083062008335.L3m_MO_NSST_sst_4km.nc downloaded
> 2018-08-20 18:22:52.525704: -> downloading A20083062008335.L3m_MO_SST_sst_4km.nc
> 2018-08-20 18:22:52.525834: -> A20083062008335.L3m_MO_SST_sst_4km.nc downloaded
> 2018-08-20 18:22:52.525899: -> downloading A20083362008366.L3m_MO_NSST_sst_4km.nc
> 2018-08-20 18:22:52.526036: -> A20083362008366.L3m_MO_NSST_sst_4km.nc downloaded
> 2018-08-20 18:22:52.526095: -> downloading A20083362008366.L3m_MO_SST_sst_4km.nc
> 2018-08-20 18:22:52.526250: -> A20083362008366.L3m_MO_SST_sst_4km.nc downloaded
> 2018-08-20 18:22:52.526325: -> downloading A20090012009031.L3m_MO_NSST_sst_4km.nc
> 2018-08-20 18:22:52.526456: -> A20090012009031.L3m_MO_NSST_sst_4km.nc downloaded
> 2018-08-20 18:22:52.526525: -> downloading A20090012009031.L3m_MO_SST_sst_4km.nc
> 2018-08-20 18:22:52.526695: -> A20090012009031.L3m_MO_SST_sst_4km.nc downloaded
> 2018-08-20 18:22:52.526756: -> downloading A20090322009059.L3m_MO_NSST_sst_4km.nc
> 2018-08-20 18:22:52.526880: -> A20090322009059.L3m_MO_NSST_sst_4km.nc downloaded
> 2018-08-20 18:22:52.526942: -> downloading A20090322009059.L3m_MO_SST_sst_4km.nc
> 2018-08-20 18:22:52.527068: -> A20090322009059.L3m_MO_SST_sst_4km.nc downloaded
> 2018-08-20 18:22:52.527133: -> downloading A20090602009090.L3m_MO_NSST_sst_4km.nc
> 2018-08-20 18:22:52.527258: -> A20090602009090.L3m_MO_NSST_sst_4km.nc downloaded
> 2018-08-20 18:22:52.527316: -> downloading A20090602009090.L3m_MO_SST_sst_4km.nc
> 2018-08-20 18:22:52.527443: -> A20090602009090.L3m_MO_SST_sst_4km.nc downloaded
> 2018-08-20 18:22:52.527507: -> downloading A20090912009120.L3m_MO_NSST_sst_4km.nc
> 2018-08-20 18:22:52.527668: -> A20090912009120.L3m_MO_NSST_sst_4km.nc downloaded
> 2018-08-20 18:22:52.527749: -> downloading A20090912009120.L3m_MO_SST_sst_4km.nc
> 2018-08-20 18:22:52.527938: -> A20090912009120.L3m_MO_SST_sst_4km.nc downloaded
> 2018-08-20 18:22:52.528025: -> downloading A20091212009151.L3m_MO_NSST_sst_4km.nc
> 2018-08-20 18:22:52.528180: -> A20091212009151.L3m_MO_NSST_sst_4km.nc downloaded
> 2018-08-20 18:22:52.528293: -> downloading A20091212009151.L3m_MO_SST_sst_4km.nc
> 2018-08-20 18:22:52.528710: -> A20091212009151.L3m_MO_SST_sst_4km.nc downloaded
> 2018-08-20 18:22:52.528831: -> downloading A20091522009181.L3m_MO_NSST_sst_4km.nc
> 2018-08-20 18:22:52.529005: -> A20091522009181.L3m_MO_NSST_sst_4km.nc downloaded
> 2018-08-20 18:22:52.529076: -> downloading A20091522009181.L3m_MO_SST_sst_4km.nc
> 2018-08-20 18:22:52.529215: -> A20091522009181.L3m_MO_SST_sst_4km.nc downloaded
> 2018-08-20 18:22:52.529283: -> downloading A20091822009212.L3m_MO_NSST_sst_4km.nc
> 2018-08-20 18:22:52.529419: -> A20091822009212.L3m_MO_NSST_sst_4km.nc downloaded
> 2018-08-20 18:22:52.529488: -> downloading A20091822009212.L3m_MO_SST_sst_4km.nc
> 2018-08-20 18:22:52.529626: -> A20091822009212.L3m_MO_SST_sst_4km.nc downloaded
> 2018-08-20 18:22:52.529695: -> downloading A20092132009243.L3m_MO_NSST_sst_4km.nc
> 2018-08-20 18:22:52.529901: -> A20092132009243.L3m_MO_NSST_sst_4km.nc downloaded
> 2018-08-20 18:22:52.529995: -> downloading A20092132009243.L3m_MO_SST_sst_4km.nc
> 2018-08-20 18:22:52.530163: -> A20092132009243.L3m_MO_SST_sst_4km.nc downloaded
> 2018-08-20 18:22:52.530273: -> downloading A20092442009273.L3m_MO_NSST_sst_4km.nc
> 2018-08-20 18:22:52.530443: -> A20092442009273.L3m_MO_NSST_sst_4km.nc downloaded
> 2018-08-20 18:22:52.530515: -> downloading A20092442009273.L3m_MO_SST_sst_4km.nc
> 2018-08-20 18:22:52.530649: -> A20092442009273.L3m_MO_SST_sst_4km.nc downloaded
> 2018-08-20 18:22:52.530716: -> downloading A20092742009304.L3m_MO_NSST_sst_4km.nc
> 2018-08-20 18:22:52.530852: -> A20092742009304.L3m_MO_NSST_sst_4km.nc downloaded
> 2018-08-20 18:22:52.530921: -> downloading A20092742009304.L3m_MO_SST_sst_4km.nc
> 2018-08-20 18:22:52.531056: -> A20092742009304.L3m_MO_SST_sst_4km.nc downloaded
> 2018-08-20 18:22:52.531124: -> downloading A20093052009334.L3m_MO_NSST_sst_4km.nc
> 2018-08-20 18:22:52.531301: -> A20093052009334.L3m_MO_NSST_sst_4km.nc downloaded
> 2018-08-20 18:22:52.531371: -> downloading A20093052009334.L3m_MO_SST_sst_4km.nc
> 2018-08-20 18:22:52.532219: -> A20093052009334.L3m_MO_SST_sst_4km.nc downloaded
> 2018-08-20 18:22:52.532460: -> downloading A20093352009365.L3m_MO_NSST_sst_4km.nc
> 2018-08-20 18:22:52.532697: -> A20093352009365.L3m_MO_NSST_sst_4km.nc downloaded
> 2018-08-20 18:22:52.532794: -> downloading A20093352009365.L3m_MO_SST_sst_4km.nc
> 2018-08-20 18:22:52.532964: -> A20093352009365.L3m_MO_SST_sst_4km.nc downloaded
> 2018-08-20 18:22:52.533061: -> downloading A20100012010031.L3m_MO_NSST_sst_4km.nc
> 2018-08-20 18:22:52.533296: -> A20100012010031.L3m_MO_NSST_sst_4km.nc downloaded
> 2018-08-20 18:22:52.533420: -> downloading A20100012010031.L3m_MO_SST_sst_4km.nc
> 2018-08-20 18:22:52.533583: -> A20100012010031.L3m_MO_SST_sst_4km.nc downloaded
> 2018-08-20 18:22:52.533673: -> downloading A20100322010059.L3m_MO_NSST_sst_4km.nc
> 2018-08-20 18:22:52.533903: -> A20100322010059.L3m_MO_NSST_sst_4km.nc downloaded
> 2018-08-20 18:22:52.534002: -> downloading A20100322010059.L3m_MO_SST_sst_4km.nc
> 2018-08-20 18:22:52.534168: -> A20100322010059.L3m_MO_SST_sst_4km.nc downloaded
> 2018-08-20 18:22:52.534259: -> downloading A20100602010090.L3m_MO_NSST_sst_4km.nc
> 2018-08-20 18:22:52.534422: -> A20100602010090.L3m_MO_NSST_sst_4km.nc downloaded
> 2018-08-20 18:22:52.534507: -> downloading A20100602010090.L3m_MO_SST_sst_4km.nc
> 2018-08-20 18:22:52.534713: -> A20100602010090.L3m_MO_SST_sst_4km.nc downloaded
> 2018-08-20 18:22:52.534858: -> downloading A20100912010120.L3m_MO_NSST_sst_4km.nc
> 2018-08-20 18:22:52.535034: -> A20100912010120.L3m_MO_NSST_sst_4km.nc downloaded
> 2018-08-20 18:22:52.535120: -> downloading A20100912010120.L3m_MO_SST_sst_4km.nc
> 2018-08-20 18:22:52.535344: -> A20100912010120.L3m_MO_SST_sst_4km.nc downloaded
> 2018-08-20 18:22:52.535438: -> downloading A20101212010151.L3m_MO_NSST_sst_4km.nc
> 2018-08-20 18:22:52.535669: -> A20101212010151.L3m_MO_NSST_sst_4km.nc downloaded
> 2018-08-20 18:22:52.535785: -> downloading A20101212010151.L3m_MO_SST_sst_4km.nc
> 2018-08-20 18:22:52.535986: -> A20101212010151.L3m_MO_SST_sst_4km.nc downloaded
> 2018-08-20 18:22:52.536073: -> downloading A20101522010181.L3m_MO_NSST_sst_4km.nc
> 2018-08-20 18:22:52.536244: -> A20101522010181.L3m_MO_NSST_sst_4km.nc downloaded
> 2018-08-20 18:22:52.536337: -> downloading A20101522010181.L3m_MO_SST_sst_4km.nc
> 2018-08-20 18:22:52.536498: -> A20101522010181.L3m_MO_SST_sst_4km.nc downloaded
> 2018-08-20 18:22:52.536578: -> downloading A20101822010212.L3m_MO_NSST_sst_4km.nc
> 2018-08-20 18:22:52.536709: -> A20101822010212.L3m_MO_NSST_sst_4km.nc downloaded
> 2018-08-20 18:22:52.536768: -> downloading A20101822010212.L3m_MO_SST_sst_4km.nc
> 2018-08-20 18:22:52.536901: -> A20101822010212.L3m_MO_SST_sst_4km.nc downloaded
> 2018-08-20 18:22:52.536960: -> downloading A20102132010243.L3m_MO_NSST_sst_4km.nc
> 2018-08-20 18:22:52.537086: -> A20102132010243.L3m_MO_NSST_sst_4km.nc downloaded
> 2018-08-20 18:22:52.537144: -> downloading A20102132010243.L3m_MO_SST_sst_4km.nc
> 2018-08-20 18:22:52.537282: -> A20102132010243.L3m_MO_SST_sst_4km.nc downloaded
> 2018-08-20 18:22:52.537339: -> downloading A20102442010273.L3m_MO_NSST_sst_4km.nc
> 2018-08-20 18:22:52.537464: -> A20102442010273.L3m_MO_NSST_sst_4km.nc downloaded
> 2018-08-20 18:22:52.537546: -> downloading A20102442010273.L3m_MO_SST_sst_4km.nc
> 2018-08-20 18:22:52.537673: -> A20102442010273.L3m_MO_SST_sst_4km.nc downloaded
> 2018-08-20 18:22:52.537730: -> downloading A20102742010304.L3m_MO_NSST_sst_4km.nc
> 2018-08-20 18:22:52.537855: -> A20102742010304.L3m_MO_NSST_sst_4km.nc downloaded
> 2018-08-20 18:22:52.537912: -> downloading A20102742010304.L3m_MO_SST_sst_4km.nc
> 2018-08-20 18:22:52.538051: -> A20102742010304.L3m_MO_SST_sst_4km.nc downloaded
> 2018-08-20 18:22:52.538106: -> downloading A20103052010334.L3m_MO_NSST_sst_4km.nc
> 2018-08-20 18:22:52.538258: -> A20103052010334.L3m_MO_NSST_sst_4km.nc downloaded
> 2018-08-20 18:22:52.538333: -> downloading A20103052010334.L3m_MO_SST_sst_4km.nc
> 2018-08-20 18:22:52.538461: -> A20103052010334.L3m_MO_SST_sst_4km.nc downloaded
> 2018-08-20 18:22:52.538542: -> downloading A20103352010365.L3m_MO_NSST_sst_4km.nc
> 2018-08-20 18:22:52.538677: -> A20103352010365.L3m_MO_NSST_sst_4km.nc downloaded
> 2018-08-20 18:22:52.538753: -> downloading A20103352010365.L3m_MO_SST_sst_4km.nc
> 2018-08-20 18:22:52.538914: -> A20103352010365.L3m_MO_SST_sst_4km.nc downloaded
> 2018-08-20 18:22:52.539003: -> downloading A20110012011031.L3m_MO_NSST_sst_4km.nc
> 2018-08-20 18:22:52.539182: -> A20110012011031.L3m_MO_NSST_sst_4km.nc downloaded
> 2018-08-20 18:22:52.539269: -> downloading A20110012011031.L3m_MO_SST_sst_4km.nc
> 2018-08-20 18:22:52.539469: -> A20110012011031.L3m_MO_SST_sst_4km.nc downloaded
> 2018-08-20 18:22:52.539588: -> downloading A20110322011059.L3m_MO_NSST_sst_4km.nc
> 2018-08-20 18:22:52.539773: -> A20110322011059.L3m_MO_NSST_sst_4km.nc downloaded
> 2018-08-20 18:22:52.539849: -> downloading A20110322011059.L3m_MO_SST_sst_4km.nc
> 2018-08-20 18:22:52.540020: -> A20110322011059.L3m_MO_SST_sst_4km.nc downloaded
> 2018-08-20 18:22:52.540106: -> downloading A20110602011090.L3m_MO_NSST_sst_4km.nc
> 2018-08-20 18:22:52.540360: -> A20110602011090.L3m_MO_NSST_sst_4km.nc downloaded
> 2018-08-20 18:22:52.540657: -> downloading A20110602011090.L3m_MO_SST_sst_4km.nc
> 2018-08-20 18:22:52.540973: -> A20110602011090.L3m_MO_SST_sst_4km.nc downloaded
> 2018-08-20 18:22:52.541097: -> downloading A20110912011120.L3m_MO_NSST_sst_4km.nc
> 2018-08-20 18:22:52.541242: -> A20110912011120.L3m_MO_NSST_sst_4km.nc downloaded
> 2018-08-20 18:22:52.541304: -> downloading A20110912011120.L3m_MO_SST_sst_4km.nc
> 2018-08-20 18:22:52.541438: -> A20110912011120.L3m_MO_SST_sst_4km.nc downloaded
> 2018-08-20 18:22:52.541496: -> downloading A20111212011151.L3m_MO_NSST_sst_4km.nc
> 2018-08-20 18:22:52.541639: -> A20111212011151.L3m_MO_NSST_sst_4km.nc downloaded
> 2018-08-20 18:22:52.541723: -> downloading A20111212011151.L3m_MO_SST_sst_4km.nc
> 2018-08-20 18:22:52.541865: -> A20111212011151.L3m_MO_SST_sst_4km.nc downloaded
> 2018-08-20 18:22:52.541951: -> downloading A20111522011181.L3m_MO_NSST_sst_4km.nc
> 2018-08-20 18:22:52.542084: -> A20111522011181.L3m_MO_NSST_sst_4km.nc downloaded
> 2018-08-20 18:22:52.542144: -> downloading A20111522011181.L3m_MO_SST_sst_4km.nc
> 2018-08-20 18:22:52.542280: -> A20111522011181.L3m_MO_SST_sst_4km.nc downloaded
> 2018-08-20 18:22:52.542363: -> downloading A20111822011212.L3m_MO_NSST_sst_4km.nc
> 2018-08-20 18:22:52.542497: -> A20111822011212.L3m_MO_NSST_sst_4km.nc downloaded
> 2018-08-20 18:22:52.542557: -> downloading A20111822011212.L3m_MO_SST_sst_4km.nc
> 2018-08-20 18:22:52.542705: -> A20111822011212.L3m_MO_SST_sst_4km.nc downloaded
> 2018-08-20 18:22:52.542764: -> downloading A20112132011243.L3m_MO_NSST_sst_4km.nc
> 2018-08-20 18:22:52.542891: -> A20112132011243.L3m_MO_NSST_sst_4km.nc downloaded
> 2018-08-20 18:22:52.542950: -> downloading A20112132011243.L3m_MO_SST_sst_4km.nc
> 2018-08-20 18:22:52.543081: -> A20112132011243.L3m_MO_SST_sst_4km.nc downloaded
> 2018-08-20 18:22:52.543161: -> downloading A20112442011273.L3m_MO_NSST_sst_4km.nc
> 2018-08-20 18:22:52.543304: -> A20112442011273.L3m_MO_NSST_sst_4km.nc downloaded
> 2018-08-20 18:22:52.543383: -> downloading A20112442011273.L3m_MO_SST_sst_4km.nc
> 2018-08-20 18:22:52.543525: -> A20112442011273.L3m_MO_SST_sst_4km.nc downloaded
> 2018-08-20 18:22:52.543606: -> downloading A20112742011304.L3m_MO_NSST_sst_4km.nc
> 2018-08-20 18:22:52.543819: -> A20112742011304.L3m_MO_NSST_sst_4km.nc downloaded
> 2018-08-20 18:22:52.543884: -> downloading A20112742011304.L3m_MO_SST_sst_4km.nc
> 2018-08-20 18:22:52.544031: -> A20112742011304.L3m_MO_SST_sst_4km.nc downloaded
> 2018-08-20 18:22:52.544103: -> downloading A20113052011334.L3m_MO_NSST_sst_4km.nc
> 2018-08-20 18:22:52.544251: -> A20113052011334.L3m_MO_NSST_sst_4km.nc downloaded
> 2018-08-20 18:22:52.544336: -> downloading A20113052011334.L3m_MO_SST_sst_4km.nc
> 2018-08-20 18:22:52.544486: -> A20113052011334.L3m_MO_SST_sst_4km.nc downloaded
> 2018-08-20 18:22:52.544544: -> downloading A20113352011365.L3m_MO_NSST_sst_4km.nc
> 2018-08-20 18:22:52.544687: -> A20113352011365.L3m_MO_NSST_sst_4km.nc downloaded
> 2018-08-20 18:22:52.544769: -> downloading A20113352011365.L3m_MO_SST_sst_4km.nc
> 2018-08-20 18:22:52.544981: -> A20113352011365.L3m_MO_SST_sst_4km.nc downloaded
> 2018-08-20 18:22:52.545128: -> downloading A20120012012031.L3m_MO_NSST_sst_4km.nc
> 2018-08-20 18:22:52.545304: -> A20120012012031.L3m_MO_NSST_sst_4km.nc downloaded
> 2018-08-20 18:22:52.545398: -> downloading A20120012012031.L3m_MO_SST_sst_4km.nc
> 2018-08-20 18:22:52.545585: -> A20120012012031.L3m_MO_SST_sst_4km.nc downloaded
> 2018-08-20 18:22:52.545940: -> downloading A20120322012060.L3m_MO_NSST_sst_4km.nc
> 2018-08-20 18:22:52.546245: -> A20120322012060.L3m_MO_NSST_sst_4km.nc downloaded
> 2018-08-20 18:22:52.546365: -> downloading A20120322012060.L3m_MO_SST_sst_4km.nc
> 2018-08-20 18:22:52.546543: -> A20120322012060.L3m_MO_SST_sst_4km.nc downloaded
> 2018-08-20 18:22:52.546619: -> downloading A20120612012091.L3m_MO_NSST_sst_4km.nc
> 2018-08-20 18:22:52.546775: -> A20120612012091.L3m_MO_NSST_sst_4km.nc downloaded
> 2018-08-20 18:22:52.546843: -> downloading A20120612012091.L3m_MO_SST_sst_4km.nc
> 2018-08-20 18:22:52.546988: -> A20120612012091.L3m_MO_SST_sst_4km.nc downloaded
> 2018-08-20 18:22:52.547057: -> downloading A20120922012121.L3m_MO_NSST_sst_4km.nc
> 2018-08-20 18:22:52.547227: -> A20120922012121.L3m_MO_NSST_sst_4km.nc downloaded
> 2018-08-20 18:22:52.547292: -> downloading A20120922012121.L3m_MO_SST_sst_4km.nc
> 2018-08-20 18:22:52.547521: -> A20120922012121.L3m_MO_SST_sst_4km.nc downloaded
> 2018-08-20 18:22:52.547609: -> downloading A20121222012152.L3m_MO_NSST_sst_4km.nc
> 2018-08-20 18:22:52.547784: -> A20121222012152.L3m_MO_NSST_sst_4km.nc downloaded
> 2018-08-20 18:22:52.547877: -> downloading A20121222012152.L3m_MO_SST_sst_4km.nc
> 2018-08-20 18:22:52.548195: -> A20121222012152.L3m_MO_SST_sst_4km.nc downloaded
> 2018-08-20 18:22:52.548291: -> downloading A20121532012182.L3m_MO_NSST_sst_4km.nc
> 2018-08-20 18:22:52.548468: -> A20121532012182.L3m_MO_NSST_sst_4km.nc downloaded
> 2018-08-20 18:22:52.548555: -> downloading A20121532012182.L3m_MO_SST_sst_4km.nc
> 2018-08-20 18:22:52.548707: -> A20121532012182.L3m_MO_SST_sst_4km.nc downloaded
> 2018-08-20 18:22:52.548792: -> downloading A20121832012213.L3m_MO_NSST_sst_4km.nc
> 2018-08-20 18:22:52.548964: -> A20121832012213.L3m_MO_NSST_sst_4km.nc downloaded
> 2018-08-20 18:22:52.549102: -> downloading A20121832012213.L3m_MO_SST_sst_4km.nc
> 2018-08-20 18:22:52.549253: -> A20121832012213.L3m_MO_SST_sst_4km.nc downloaded
> 2018-08-20 18:22:52.549326: -> downloading A20122142012244.L3m_MO_NSST_sst_4km.nc
> 2018-08-20 18:22:52.549464: -> A20122142012244.L3m_MO_NSST_sst_4km.nc downloaded
> 2018-08-20 18:22:52.549540: -> downloading A20122142012244.L3m_MO_SST_sst_4km.nc
> 2018-08-20 18:22:52.549722: -> A20122142012244.L3m_MO_SST_sst_4km.nc downloaded
> 2018-08-20 18:22:52.549809: -> downloading A20122452012274.L3m_MO_NSST_sst_4km.nc
> 2018-08-20 18:22:52.549969: -> A20122452012274.L3m_MO_NSST_sst_4km.nc downloaded
> 2018-08-20 18:22:52.550050: -> downloading A20122452012274.L3m_MO_SST_sst_4km.nc
> 2018-08-20 18:22:52.550217: -> A20122452012274.L3m_MO_SST_sst_4km.nc downloaded
> 2018-08-20 18:22:52.550296: -> downloading A20122752012305.L3m_MO_NSST_sst_4km.nc
> 2018-08-20 18:22:52.550497: -> A20122752012305.L3m_MO_NSST_sst_4km.nc downloaded
> 2018-08-20 18:22:52.550576: -> downloading A20122752012305.L3m_MO_SST_sst_4km.nc
> 2018-08-20 18:22:52.550735: -> A20122752012305.L3m_MO_SST_sst_4km.nc downloaded
> 2018-08-20 18:22:52.550816: -> downloading A20123062012335.L3m_MO_NSST_sst_4km.nc
> 2018-08-20 18:22:52.550970: -> A20123062012335.L3m_MO_NSST_sst_4km.nc downloaded
> 2018-08-20 18:22:52.551049: -> downloading A20123062012335.L3m_MO_SST_sst_4km.nc
> 2018-08-20 18:22:52.551207: -> A20123062012335.L3m_MO_SST_sst_4km.nc downloaded
> 2018-08-20 18:22:52.551285: -> downloading A20123362012366.L3m_MO_NSST_sst_4km.nc
> 2018-08-20 18:22:52.551433: -> A20123362012366.L3m_MO_NSST_sst_4km.nc downloaded
> 2018-08-20 18:22:52.551511: -> downloading A20123362012366.L3m_MO_SST_sst_4km.nc
> 2018-08-20 18:22:52.551666: -> A20123362012366.L3m_MO_SST_sst_4km.nc downloaded
> 2018-08-20 18:22:52.551750: -> downloading A20130012013031.L3m_MO_NSST_sst_4km.nc
> 2018-08-20 18:22:52.552068: -> A20130012013031.L3m_MO_NSST_sst_4km.nc downloaded
> 2018-08-20 18:22:52.552366: -> downloading A20130012013031.L3m_MO_SST_sst_4km.nc
> 2018-08-20 18:22:52.552540: -> A20130012013031.L3m_MO_SST_sst_4km.nc downloaded
> 2018-08-20 18:22:52.552626: -> downloading A20130322013059.L3m_MO_NSST_sst_4km.nc
> 2018-08-20 18:22:52.552812: -> A20130322013059.L3m_MO_NSST_sst_4km.nc downloaded
> 2018-08-20 18:22:52.552922: -> downloading A20130322013059.L3m_MO_SST_sst_4km.nc
> 2018-08-20 18:22:52.553109: -> A20130322013059.L3m_MO_SST_sst_4km.nc downloaded
> 2018-08-20 18:22:52.553401: -> downloading A20130602013090.L3m_MO_NSST_sst_4km.nc
> 2018-08-20 18:22:52.553575: -> A20130602013090.L3m_MO_NSST_sst_4km.nc downloaded
> 2018-08-20 18:22:52.553662: -> downloading A20130602013090.L3m_MO_SST_sst_4km.nc
> 2018-08-20 18:22:52.553845: -> A20130602013090.L3m_MO_SST_sst_4km.nc downloaded
> 2018-08-20 18:22:52.554134: -> downloading A20130912013120.L3m_MO_NSST_sst_4km.nc
> 2018-08-20 18:22:52.554307: -> A20130912013120.L3m_MO_NSST_sst_4km.nc downloaded
> 2018-08-20 18:22:52.554398: -> downloading A20130912013120.L3m_MO_SST_sst_4km.nc
> 2018-08-20 18:22:52.554626: -> A20130912013120.L3m_MO_SST_sst_4km.nc downloaded
> 2018-08-20 18:22:52.554803: -> downloading A20131212013151.L3m_MO_NSST_sst_4km.nc
> 2018-08-20 18:22:52.555048: -> A20131212013151.L3m_MO_NSST_sst_4km.nc downloaded
> 2018-08-20 18:22:52.555135: -> downloading A20131212013151.L3m_MO_SST_sst_4km.nc
> 2018-08-20 18:22:52.555295: -> A20131212013151.L3m_MO_SST_sst_4km.nc downloaded
> 2018-08-20 18:22:52.555384: -> downloading A20131522013181.L3m_MO_NSST_sst_4km.nc
> 2018-08-20 18:22:52.555542: -> A20131522013181.L3m_MO_NSST_sst_4km.nc downloaded
> 2018-08-20 18:22:52.555623: -> downloading A20131522013181.L3m_MO_SST_sst_4km.nc
> 2018-08-20 18:22:52.556024: -> A20131522013181.L3m_MO_SST_sst_4km.nc downloaded
> 2018-08-20 18:22:52.556125: -> downloading A20131822013212.L3m_MO_NSST_sst_4km.nc
> 2018-08-20 18:22:52.556289: -> A20131822013212.L3m_MO_NSST_sst_4km.nc downloaded
> 2018-08-20 18:22:52.556368: -> downloading A20131822013212.L3m_MO_SST_sst_4km.nc
> 2018-08-20 18:22:52.556522: -> A20131822013212.L3m_MO_SST_sst_4km.nc downloaded
> 2018-08-20 18:22:52.556603: -> downloading A20132132013243.L3m_MO_NSST_sst_4km.nc
> 2018-08-20 18:22:52.556806: -> A20132132013243.L3m_MO_NSST_sst_4km.nc downloaded
> 2018-08-20 18:22:52.556888: -> downloading A20132132013243.L3m_MO_SST_sst_4km.nc
> 2018-08-20 18:22:52.557044: -> A20132132013243.L3m_MO_SST_sst_4km.nc downloaded
> 2018-08-20 18:22:52.557125: -> downloading A20132442013273.L3m_MO_NSST_sst_4km.nc
> 2018-08-20 18:22:52.557987: -> A20132442013273.L3m_MO_NSST_sst_4km.nc downloaded
> 2018-08-20 18:22:52.558107: -> downloading A20132442013273.L3m_MO_SST_sst_4km.nc
> 2018-08-20 18:22:52.558269: -> A20132442013273.L3m_MO_SST_sst_4km.nc downloaded
> 2018-08-20 18:22:52.558355: -> downloading A20132742013304.L3m_MO_NSST_sst_4km.nc
> 2018-08-20 18:22:52.558512: -> A20132742013304.L3m_MO_NSST_sst_4km.nc downloaded
> 2018-08-20 18:22:52.558594: -> downloading A20132742013304.L3m_MO_SST_sst_4km.nc
> 2018-08-20 18:22:52.558740: -> A20132742013304.L3m_MO_SST_sst_4km.nc downloaded
> 2018-08-20 18:22:52.558823: -> downloading A20133052013334.L3m_MO_NSST_sst_4km.nc
> 2018-08-20 18:22:52.559009: -> A20133052013334.L3m_MO_NSST_sst_4km.nc downloaded
> 2018-08-20 18:22:52.559092: -> downloading A20133052013334.L3m_MO_SST_sst_4km.nc
> 2018-08-20 18:22:52.559243: -> A20133052013334.L3m_MO_SST_sst_4km.nc downloaded
> 2018-08-20 18:22:52.559319: -> downloading A20133352013365.L3m_MO_NSST_sst_4km.nc
> 2018-08-20 18:22:52.559490: -> A20133352013365.L3m_MO_NSST_sst_4km.nc downloaded
> 2018-08-20 18:22:52.559571: -> downloading A20133352013365.L3m_MO_SST_sst_4km.nc
> 2018-08-20 18:22:52.559733: -> A20133352013365.L3m_MO_SST_sst_4km.nc downloaded
> 2018-08-20 18:22:52.559815: -> downloading A20140012014031.L3m_MO_NSST_sst_4km.nc
> 2018-08-20 18:22:52.559977: -> A20140012014031.L3m_MO_NSST_sst_4km.nc downloaded
> 2018-08-20 18:22:52.560057: -> downloading A20140012014031.L3m_MO_SST_sst_4km.nc
> 2018-08-20 18:22:52.560360: -> A20140012014031.L3m_MO_SST_sst_4km.nc downloaded
> 2018-08-20 18:22:52.560454: -> downloading A20140322014059.L3m_MO_NSST_sst_4km.nc
> 2018-08-20 18:22:52.560713: -> A20140322014059.L3m_MO_NSST_sst_4km.nc downloaded
> 2018-08-20 18:22:52.560819: -> downloading A20140322014059.L3m_MO_SST_sst_4km.nc
> 2018-08-20 18:22:52.561207: -> A20140322014059.L3m_MO_SST_sst_4km.nc downloaded
> 2018-08-20 18:22:52.561307: -> downloading A20140602014090.L3m_MO_NSST_sst_4km.nc
> 2018-08-20 18:22:52.561496: -> A20140602014090.L3m_MO_NSST_sst_4km.nc downloaded
> 2018-08-20 18:22:52.561797: -> downloading A20140602014090.L3m_MO_SST_sst_4km.nc
> 2018-08-20 18:22:52.561965: -> A20140602014090.L3m_MO_SST_sst_4km.nc downloaded
> 2018-08-20 18:22:52.562051: -> downloading A20140912014120.L3m_MO_NSST_sst_4km.nc
> 2018-08-20 18:22:52.562234: -> A20140912014120.L3m_MO_NSST_sst_4km.nc downloaded
> 2018-08-20 18:22:52.562529: -> downloading A20140912014120.L3m_MO_SST_sst_4km.nc
> 2018-08-20 18:22:52.562699: -> A20140912014120.L3m_MO_SST_sst_4km.nc downloaded
> 2018-08-20 18:22:52.562785: -> downloading A20141212014151.L3m_MO_NSST_sst_4km.nc
> 2018-08-20 18:22:52.562989: -> A20141212014151.L3m_MO_NSST_sst_4km.nc downloaded
> 2018-08-20 18:22:52.563106: -> downloading A20141212014151.L3m_MO_SST_sst_4km.nc
> 2018-08-20 18:22:52.563269: -> A20141212014151.L3m_MO_SST_sst_4km.nc downloaded
> 2018-08-20 18:22:52.563350: -> downloading A20141522014181.L3m_MO_NSST_sst_4km.nc
> 2018-08-20 18:22:52.563505: -> A20141522014181.L3m_MO_NSST_sst_4km.nc downloaded
> 2018-08-20 18:22:52.563604: -> downloading A20141522014181.L3m_MO_SST_sst_4km.nc
> 2018-08-20 18:22:52.563856: -> A20141522014181.L3m_MO_SST_sst_4km.nc downloaded
> 2018-08-20 18:22:52.563951: -> downloading A20141822014212.L3m_MO_NSST_sst_4km.nc
> 2018-08-20 18:22:52.564114: -> A20141822014212.L3m_MO_NSST_sst_4km.nc downloaded
> 2018-08-20 18:22:52.564201: -> downloading A20141822014212.L3m_MO_SST_sst_4km.nc
> 2018-08-20 18:22:52.564988: -> A20141822014212.L3m_MO_SST_sst_4km.nc downloaded
> 2018-08-20 18:22:52.565075: -> downloading A20142132014243.L3m_MO_NSST_sst_4km.nc
> 2018-08-20 18:22:52.565304: -> A20142132014243.L3m_MO_NSST_sst_4km.nc downloaded
> 2018-08-20 18:22:52.565390: -> downloading A20142132014243.L3m_MO_SST_sst_4km.nc
> 2018-08-20 18:22:52.565617: -> A20142132014243.L3m_MO_SST_sst_4km.nc downloaded
> 2018-08-20 18:22:52.565899: -> downloading A20142442014273.L3m_MO_NSST_sst_4km.nc
> 2018-08-20 18:22:52.566086: -> A20142442014273.L3m_MO_NSST_sst_4km.nc downloaded
> 2018-08-20 18:22:52.566177: -> downloading A20142442014273.L3m_MO_SST_sst_4km.nc
> 2018-08-20 18:22:52.566515: -> A20142442014273.L3m_MO_SST_sst_4km.nc downloaded
> 2018-08-20 18:22:52.566992: -> downloading A20142742014304.L3m_MO_NSST_sst_4km.nc
> 2018-08-20 18:22:52.567274: -> A20142742014304.L3m_MO_NSST_sst_4km.nc downloaded
> 2018-08-20 18:22:52.567379: -> downloading A20142742014304.L3m_MO_SST_sst_4km.nc
> 2018-08-20 18:22:52.567549: -> A20142742014304.L3m_MO_SST_sst_4km.nc downloaded
> 2018-08-20 18:22:52.567635: -> downloading A20143052014334.L3m_MO_NSST_sst_4km.nc
> 2018-08-20 18:22:52.567805: -> A20143052014334.L3m_MO_NSST_sst_4km.nc downloaded
> 2018-08-20 18:22:52.567887: -> downloading A20143052014334.L3m_MO_SST_sst_4km.nc
> 2018-08-20 18:22:52.568042: -> A20143052014334.L3m_MO_SST_sst_4km.nc downloaded
> 2018-08-20 18:22:52.568122: -> downloading A20143352014365.L3m_MO_NSST_sst_4km.nc
> 2018-08-20 18:22:52.568305: -> A20143352014365.L3m_MO_NSST_sst_4km.nc downloaded
> 2018-08-20 18:22:52.568384: -> downloading A20143352014365.L3m_MO_SST_sst_4km.nc
> 2018-08-20 18:22:52.568539: -> A20143352014365.L3m_MO_SST_sst_4km.nc downloaded
> 2018-08-20 18:22:52.568618: -> downloading A20150012015031.L3m_MO_NSST_sst_4km.nc
> 2018-08-20 18:22:52.568796: -> A20150012015031.L3m_MO_NSST_sst_4km.nc downloaded
> 2018-08-20 18:22:52.568876: -> downloading A20150012015031.L3m_MO_SST_sst_4km.nc
> 2018-08-20 18:22:52.569065: -> A20150012015031.L3m_MO_SST_sst_4km.nc downloaded
> 2018-08-20 18:22:52.569153: -> downloading A20150322015059.L3m_MO_NSST_sst_4km.nc
> 2018-08-20 18:22:52.569331: -> A20150322015059.L3m_MO_NSST_sst_4km.nc downloaded
> 2018-08-20 18:22:52.569411: -> downloading A20150322015059.L3m_MO_SST_sst_4km.nc
> 2018-08-20 18:22:52.569558: -> A20150322015059.L3m_MO_SST_sst_4km.nc downloaded
> 2018-08-20 18:22:52.569632: -> downloading A20150602015090.L3m_MO_NSST_sst_4km.nc
> 2018-08-20 18:22:52.569777: -> A20150602015090.L3m_MO_NSST_sst_4km.nc downloaded
> 2018-08-20 18:22:52.569852: -> downloading A20150602015090.L3m_MO_SST_sst_4km.nc
> 2018-08-20 18:22:52.570995: -> A20150602015090.L3m_MO_SST_sst_4km.nc downloaded
> 2018-08-20 18:22:52.571138: -> downloading A20150912015120.L3m_MO_NSST_sst_4km.nc
> 2018-08-20 18:22:52.571327: -> A20150912015120.L3m_MO_NSST_sst_4km.nc downloaded
> 2018-08-20 18:22:52.571415: -> downloading A20150912015120.L3m_MO_SST_sst_4km.nc
> 2018-08-20 18:22:52.571577: -> A20150912015120.L3m_MO_SST_sst_4km.nc downloaded
> 2018-08-20 18:22:52.571665: -> downloading A20151212015151.L3m_MO_NSST_sst_4km.nc
> 2018-08-20 18:22:52.571879: -> A20151212015151.L3m_MO_NSST_sst_4km.nc downloaded
> 2018-08-20 18:22:52.571975: -> downloading A20151212015151.L3m_MO_SST_sst_4km.nc
> 2018-08-20 18:22:52.572164: -> A20151212015151.L3m_MO_SST_sst_4km.nc downloaded
> 2018-08-20 18:22:52.572251: -> downloading A20151522015181.L3m_MO_NSST_sst_4km.nc
> 2018-08-20 18:22:52.572426: -> A20151522015181.L3m_MO_NSST_sst_4km.nc downloaded
> 2018-08-20 18:22:52.572513: -> downloading A20151522015181.L3m_MO_SST_sst_4km.nc
> 2018-08-20 18:22:52.572693: -> A20151522015181.L3m_MO_SST_sst_4km.nc downloaded
> 2018-08-20 18:22:52.572774: -> downloading A20151822015212.L3m_MO_NSST_sst_4km.nc
> 2018-08-20 18:22:52.573058: -> A20151822015212.L3m_MO_NSST_sst_4km.nc downloaded
> 2018-08-20 18:22:52.573269: -> downloading A20151822015212.L3m_MO_SST_sst_4km.nc
> 2018-08-20 18:22:52.573742: -> A20151822015212.L3m_MO_SST_sst_4km.nc downloaded
> 2018-08-20 18:22:52.573998: -> downloading A20152132015243.L3m_MO_NSST_sst_4km.nc
> 2018-08-20 18:22:52.574289: -> A20152132015243.L3m_MO_NSST_sst_4km.nc downloaded
> 2018-08-20 18:22:52.574447: -> downloading A20152132015243.L3m_MO_SST_sst_4km.nc
> 2018-08-20 18:22:52.574687: -> A20152132015243.L3m_MO_SST_sst_4km.nc downloaded
> 2018-08-20 18:22:52.574778: -> downloading A20152442015273.L3m_MO_NSST_sst_4km.nc
> 2018-08-20 18:22:52.574959: -> A20152442015273.L3m_MO_NSST_sst_4km.nc downloaded
> 2018-08-20 18:22:52.575047: -> downloading A20152442015273.L3m_MO_SST_sst_4km.nc
> 2018-08-20 18:22:52.575382: -> A20152442015273.L3m_MO_SST_sst_4km.nc downloaded
> 2018-08-20 18:22:52.575543: -> downloading A20152742015304.L3m_MO_NSST_sst_4km.nc
> 2018-08-20 18:22:52.575720: -> A20152742015304.L3m_MO_NSST_sst_4km.nc downloaded
> 2018-08-20 18:22:52.575807: -> downloading A20152742015304.L3m_MO_SST_sst_4km.nc
> 2018-08-20 18:22:52.575975: -> A20152742015304.L3m_MO_SST_sst_4km.nc downloaded
> 2018-08-20 18:22:52.576059: -> downloading A20153052015334.L3m_MO_NSST_sst_4km.nc
> 2018-08-20 18:22:52.576240: -> A20153052015334.L3m_MO_NSST_sst_4km.nc downloaded
> 2018-08-20 18:22:52.576325: -> downloading A20153052015334.L3m_MO_SST_sst_4km.nc
> 2018-08-20 18:22:52.576488: -> A20153052015334.L3m_MO_SST_sst_4km.nc downloaded
> 2018-08-20 18:22:52.576576: -> downloading A20153352015365.L3m_MO_NSST_sst_4km.nc
> 2018-08-20 18:22:52.576736: -> A20153352015365.L3m_MO_NSST_sst_4km.nc downloaded
> 2018-08-20 18:22:52.576822: -> downloading A20153352015365.L3m_MO_SST_sst_4km.nc
> 2018-08-20 18:22:52.576970: -> A20153352015365.L3m_MO_SST_sst_4km.nc downloaded
> 2018-08-20 18:22:52.577091: -> downloading A20160012016031.L3m_MO_NSST_sst_4km.nc
> 2018-08-20 18:22:52.577290: -> A20160012016031.L3m_MO_NSST_sst_4km.nc downloaded
> 2018-08-20 18:22:52.577384: -> downloading A20160012016031.L3m_MO_SST_sst_4km.nc
> 2018-08-20 18:22:52.577548: -> A20160012016031.L3m_MO_SST_sst_4km.nc downloaded
> 2018-08-20 18:22:52.577638: -> downloading A20160322016060.L3m_MO_NSST_sst_4km.nc
> 2018-08-20 18:22:52.577814: -> A20160322016060.L3m_MO_NSST_sst_4km.nc downloaded
> 2018-08-20 18:22:52.577893: -> downloading A20160322016060.L3m_MO_SST_sst_4km.nc
> 2018-08-20 18:22:52.578033: -> A20160322016060.L3m_MO_SST_sst_4km.nc downloaded
> 2018-08-20 18:22:52.578117: -> downloading A20160612016091.L3m_MO_NSST_sst_4km.nc
> 2018-08-20 18:22:52.578280: -> A20160612016091.L3m_MO_NSST_sst_4km.nc downloaded
> 2018-08-20 18:22:52.578342: -> downloading A20160612016091.L3m_MO_SST_sst_4km.nc
> 2018-08-20 18:22:52.578475: -> A20160612016091.L3m_MO_SST_sst_4km.nc downloaded
> 2018-08-20 18:22:52.578535: -> downloading A20160922016121.L3m_MO_NSST_sst_4km.nc
> 2018-08-20 18:22:52.578661: -> A20160922016121.L3m_MO_NSST_sst_4km.nc downloaded
> 2018-08-20 18:22:52.578718: -> downloading A20160922016121.L3m_MO_SST_sst_4km.nc
> 2018-08-20 18:22:52.578842: -> A20160922016121.L3m_MO_SST_sst_4km.nc downloaded
> 2018-08-20 18:22:52.578898: -> downloading A20161222016152.L3m_MO_NSST_sst_4km.nc
> 2018-08-20 18:22:52.579029: -> A20161222016152.L3m_MO_NSST_sst_4km.nc downloaded
> 2018-08-20 18:22:52.579085: -> downloading A20161222016152.L3m_MO_SST_sst_4km.nc
> 2018-08-20 18:22:52.579213: -> A20161222016152.L3m_MO_SST_sst_4km.nc downloaded
> 2018-08-20 18:22:52.579270: -> downloading A20161532016182.L3m_MO_NSST_sst_4km.nc
> 2018-08-20 18:22:52.579399: -> A20161532016182.L3m_MO_NSST_sst_4km.nc downloaded
> 2018-08-20 18:22:52.579482: -> downloading A20161532016182.L3m_MO_SST_sst_4km.nc
> 2018-08-20 18:22:52.579673: -> A20161532016182.L3m_MO_SST_sst_4km.nc downloaded
> 2018-08-20 18:22:52.579759: -> downloading A20161832016213.L3m_MO_NSST_sst_4km.nc
> 2018-08-20 18:22:52.579925: -> A20161832016213.L3m_MO_NSST_sst_4km.nc downloaded
> 2018-08-20 18:22:52.579986: -> downloading A20161832016213.L3m_MO_SST_sst_4km.nc
> 2018-08-20 18:22:52.580121: -> A20161832016213.L3m_MO_SST_sst_4km.nc downloaded
> 2018-08-20 18:22:52.580178: -> downloading A20162142016244.L3m_MO_NSST_sst_4km.nc
> 2018-08-20 18:22:52.580305: -> A20162142016244.L3m_MO_NSST_sst_4km.nc downloaded
> 2018-08-20 18:22:52.580362: -> downloading A20162142016244.L3m_MO_SST_sst_4km.nc
> 2018-08-20 18:22:52.580487: -> A20162142016244.L3m_MO_SST_sst_4km.nc downloaded
> 2018-08-20 18:22:52.580543: -> downloading A20162452016274.L3m_MO_NSST_sst_4km.nc
> 2018-08-20 18:22:52.580670: -> A20162452016274.L3m_MO_NSST_sst_4km.nc downloaded
> 2018-08-20 18:22:52.580741: -> downloading A20162452016274.L3m_MO_SST_sst_4km.nc
> 2018-08-20 18:22:52.580919: -> A20162452016274.L3m_MO_SST_sst_4km.nc downloaded
> 2018-08-20 18:22:52.580983: -> downloading A20162752016305.L3m_MO_NSST_sst_4km.nc
> 2018-08-20 18:22:52.581148: -> A20162752016305.L3m_MO_NSST_sst_4km.nc downloaded
> 2018-08-20 18:22:52.581222: -> downloading A20162752016305.L3m_MO_SST_sst_4km.nc
> 2018-08-20 18:22:52.581346: -> A20162752016305.L3m_MO_SST_sst_4km.nc downloaded
> 2018-08-20 18:22:52.581405: -> downloading A20163062016335.L3m_MO_NSST_sst_4km.nc
> 2018-08-20 18:22:52.581528: -> A20163062016335.L3m_MO_NSST_sst_4km.nc downloaded
> 2018-08-20 18:22:52.581595: -> downloading A20163062016335.L3m_MO_SST_sst_4km.nc
> 2018-08-20 18:22:52.581733: -> A20163062016335.L3m_MO_SST_sst_4km.nc downloaded
> 2018-08-20 18:22:52.581794: -> downloading A20163362016366.L3m_MO_NSST_sst_4km.nc
> 2018-08-20 18:22:52.581927: -> A20163362016366.L3m_MO_NSST_sst_4km.nc downloaded
> 2018-08-20 18:22:52.581994: -> downloading A20163362016366.L3m_MO_SST_sst_4km.nc
> 2018-08-20 18:22:52.582121: -> A20163362016366.L3m_MO_SST_sst_4km.nc downloaded
> 2018-08-20 18:22:52.582180: -> downloading A20170012017031.L3m_MO_NSST_sst_4km.nc
> 2018-08-20 18:22:52.582324: -> A20170012017031.L3m_MO_NSST_sst_4km.nc downloaded
> 2018-08-20 18:22:52.582390: -> downloading A20170012017031.L3m_MO_SST_sst_4km.nc
> 2018-08-20 18:22:52.582514: -> A20170012017031.L3m_MO_SST_sst_4km.nc downloaded
> 2018-08-20 18:22:52.582574: -> downloading A20170322017059.L3m_MO_NSST_sst_4km.nc
> 2018-08-20 18:22:52.582716: -> A20170322017059.L3m_MO_NSST_sst_4km.nc downloaded
> 2018-08-20 18:22:52.582785: -> downloading A20170322017059.L3m_MO_SST_sst_4km.nc
> 2018-08-20 18:22:52.582932: -> A20170322017059.L3m_MO_SST_sst_4km.nc downloaded
> 2018-08-20 18:22:52.583010: -> downloading A20170602017090.L3m_MO_NSST_sst_4km.nc
> 2018-08-20 18:22:52.583162: -> A20170602017090.L3m_MO_NSST_sst_4km.nc downloaded
> 2018-08-20 18:22:52.583233: -> downloading A20170602017090.L3m_MO_SST_sst_4km.nc
> 2018-08-20 18:22:52.583380: -> A20170602017090.L3m_MO_SST_sst_4km.nc downloaded
> 2018-08-20 18:22:52.583439: -> downloading A20170912017120.L3m_MO_NSST_sst_4km.nc
> 2018-08-20 18:22:52.583568: -> A20170912017120.L3m_MO_NSST_sst_4km.nc downloaded
> 2018-08-20 18:22:52.583627: -> downloading A20170912017120.L3m_MO_SST_sst_4km.nc
> 2018-08-20 18:22:52.583754: -> A20170912017120.L3m_MO_SST_sst_4km.nc downloaded
> 2018-08-20 18:22:52.583811: -> downloading A20171212017151.L3m_MO_NSST_sst_4km.nc
> 2018-08-20 18:22:52.583950: -> A20171212017151.L3m_MO_NSST_sst_4km.nc downloaded
> 2018-08-20 18:22:52.584007: -> downloading A20171212017151.L3m_MO_SST_sst_4km.nc
> 2018-08-20 18:22:52.584133: -> A20171212017151.L3m_MO_SST_sst_4km.nc downloaded
> 2018-08-20 18:22:52.584212: -> downloading A20171522017181.L3m_MO_NSST_sst_4km.nc
> 2018-08-20 18:22:52.584358: -> A20171522017181.L3m_MO_NSST_sst_4km.nc downloaded
> 2018-08-20 18:22:52.584416: -> downloading A20171522017181.L3m_MO_SST_sst_4km.nc
> 2018-08-20 18:22:52.584546: -> A20171522017181.L3m_MO_SST_sst_4km.nc downloaded
> 2018-08-20 18:22:52.584629: -> downloading A20171822017212.L3m_MO_NSST_sst_4km.nc
> 2018-08-20 18:22:52.584797: -> A20171822017212.L3m_MO_NSST_sst_4km.nc downloaded
> 2018-08-20 18:22:52.584857: -> downloading A20171822017212.L3m_MO_SST_sst_4km.nc
> 2018-08-20 18:22:52.584976: -> A20171822017212.L3m_MO_SST_sst_4km.nc downloaded
> 2018-08-20 18:22:52.585038: -> downloading A20172132017243.L3m_MO_NSST_sst_4km.nc
> 2018-08-20 18:22:52.585164: -> A20172132017243.L3m_MO_NSST_sst_4km.nc downloaded
> 2018-08-20 18:22:52.585231: -> downloading A20172132017243.L3m_MO_SST_sst_4km.nc
> 2018-08-20 18:22:52.585350: -> A20172132017243.L3m_MO_SST_sst_4km.nc downloaded
> 2018-08-20 18:22:52.585408: -> downloading A20172442017273.L3m_MO_NSST_sst_4km.nc
> 2018-08-20 18:22:52.585538: -> A20172442017273.L3m_MO_NSST_sst_4km.nc downloaded
> 2018-08-20 18:22:52.585604: -> downloading A20172442017273.L3m_MO_SST_sst_4km.nc
> 2018-08-20 18:22:52.585726: -> A20172442017273.L3m_MO_SST_sst_4km.nc downloaded
> 2018-08-20 18:22:52.585789: -> downloading A20172742017304.L3m_MO_NSST_sst_4km.nc
> 2018-08-20 18:22:52.585917: -> A20172742017304.L3m_MO_NSST_sst_4km.nc downloaded
> 2018-08-20 18:22:52.585982: -> downloading A20172742017304.L3m_MO_SST_sst_4km.nc
> 2018-08-20 18:22:52.586101: -> A20172742017304.L3m_MO_SST_sst_4km.nc downloaded
> 2018-08-20 18:22:52.586160: -> downloading A20173052017334.L3m_MO_NSST_sst_4km.nc
> 2018-08-20 18:22:52.586347: -> A20173052017334.L3m_MO_NSST_sst_4km.nc downloaded
> 2018-08-20 18:22:52.586419: -> downloading A20173052017334.L3m_MO_SST_sst_4km.nc
> 2018-08-20 18:22:52.586572: -> A20173052017334.L3m_MO_SST_sst_4km.nc downloaded
> 2018-08-20 18:22:52.586634: -> downloading A20173352017365.L3m_MO_NSST_sst_4km.nc
> 2018-08-20 18:22:52.586777: -> A20173352017365.L3m_MO_NSST_sst_4km.nc downloaded
> 2018-08-20 18:22:52.586834: -> downloading A20173352017365.L3m_MO_SST_sst_4km.nc
> 2018-08-20 18:22:52.586973: -> A20173352017365.L3m_MO_SST_sst_4km.nc downloaded
> 2018-08-20 18:22:52.587031: -> downloading A20180012018031.L3m_MO_NSST_sst_4km.nc
> 2018-08-20 18:22:52.587176: -> A20180012018031.L3m_MO_NSST_sst_4km.nc downloaded
> 2018-08-20 18:22:52.587234: -> downloading A20180012018031.L3m_MO_SST_sst_4km.nc
> 2018-08-20 18:22:52.587359: -> A20180012018031.L3m_MO_SST_sst_4km.nc downloaded
> 2018-08-20 18:22:52.587416: -> downloading A20180322018059.L3m_MO_NSST_sst_4km.nc
> 2018-08-20 18:22:52.587541: -> A20180322018059.L3m_MO_NSST_sst_4km.nc downloaded
> 2018-08-20 18:22:52.587633: -> downloading A20180322018059.L3m_MO_SST_sst_4km.nc
> 2018-08-20 18:22:52.587769: -> A20180322018059.L3m_MO_SST_sst_4km.nc downloaded
> 2018-08-20 18:22:52.587829: -> downloading A20180602018090.L3m_MO_NSST_sst_4km.nc
> 2018-08-20 18:22:52.587979: -> A20180602018090.L3m_MO_NSST_sst_4km.nc downloaded
> 2018-08-20 18:22:52.588052: -> downloading A20180602018090.L3m_MO_SST_sst_4km.nc
> 2018-08-20 18:22:52.588192: -> A20180602018090.L3m_MO_SST_sst_4km.nc downloaded
> 2018-08-20 18:22:52.588253: -> downloading A20180912018120.L3m_MO_NSST_sst_4km.nc
> 2018-08-20 18:22:52.588389: -> A20180912018120.L3m_MO_NSST_sst_4km.nc downloaded
> 2018-08-20 18:22:52.588452: -> downloading A20180912018120.L3m_MO_SST_sst_4km.nc
> 2018-08-20 18:22:52.588586: -> A20180912018120.L3m_MO_SST_sst_4km.nc downloaded
> 2018-08-20 18:22:52.588643: -> downloading A20181212018151.L3m_MO_NSST_sst_4km.nc
> 2018-08-20 18:22:52.588765: -> A20181212018151.L3m_MO_NSST_sst_4km.nc downloaded
> 2018-08-20 18:22:52.588821: -> downloading A20181212018151.L3m_MO_SST_sst_4km.nc
> 2018-08-20 18:22:52.588946: -> A20181212018151.L3m_MO_SST_sst_4km.nc downloaded
> 2018-08-20 18:22:52.589002: -> downloading A20181522018181.L3m_MO_NSST_sst_4km.nc
> 2018-08-20 18:22:52.589127: -> A20181522018181.L3m_MO_NSST_sst_4km.nc downloaded
> 2018-08-20 18:22:52.589183: -> downloading A20181522018181.L3m_MO_SST_sst_4km.nc
> 2018-08-20 18:22:52.589307: -> A20181522018181.L3m_MO_SST_sst_4km.nc downloaded
> 2018-08-20 18:22:52.589370: -> all is updated
> 2018-08-20 18:26:23.904194: -> looking for updates
> 2018-08-20 18:28:28.136779: -> looking for updates
> 2018-08-20 18:28:32.324539: -> all is updated
> 2018-08-20 18:30:42.835293: -> looking for updates
> 2018-08-20 18:30:47.228704: -> all is updated
> 2018-08-20 18:31:43.259678: -> looking for updates
> 2018-08-20 18:31:46.843778: -> all is updated
> 2018-08-20 18:33:01.875931: -> looking for updates
> 2018-08-20 18:33:03.332406: -> downloading A20101822010212.L3m_MO_CHL_chlor_a_4km.nc
> 2018-08-20 18:33:50.546650: -> A20101822010212.L3m_MO_CHL_chlor_a_4km.nc downloaded
> 2018-08-20 18:33:52.574328: -> all is updated
